#
# There is insufficient memory for the Java Runtime Environment to continue.
# Native memory allocation (malloc) failed to allocate 2013296 bytes for Chunk::new
# Possible reasons:
#   The system is out of physical RAM or swap space
#   The process is running with CompressedOops enabled, and the Java Heap may be blocking the growth of the native heap
# Possible solutions:
#   Reduce memory load on the system
#   Increase physical memory or swap space
#   Check if swap backing store is full
#   Decrease Java heap size (-Xmx/-Xms)
#   Decrease number of Java threads
#   Decrease Java thread stack sizes (-Xss)
#   Set larger code cache with -XX:ReservedCodeCacheSize=
#   JVM is running with Unscaled Compressed Oops mode in which the Java heap is
#     placed in the first 4GB address space. The Java Heap base address is the
#     maximum limit for the native heap growth. Please use -XX:HeapBaseMinAddress
#     to set the Java Heap base and to place the Java Heap above 4GB virtual address.
# This output file may be truncated or incomplete.
#
#  Out of Memory Error (t:/workspace/open/src/hotspot/share/memory/arena.cpp:197), pid=4472, tid=16952
#
# JRE version: Java(TM) SE Runtime Environment (11.0.1+13) (build 11.0.1+13-LTS)
# Java VM: Java HotSpot(TM) 64-Bit Server VM (11.0.1+13-LTS, mixed mode, tiered, compressed oops, g1 gc, windows-amd64)
# No core dump will be written. Minidumps are not enabled by default on client versions of Windows
#

---------------  S U M M A R Y ------------

Command Line: --add-opens=java.base/java.util=ALL-UNNAMED --add-opens=java.base/java.lang=ALL-UNNAMED --add-opens=java.base/java.lang.invoke=ALL-UNNAMED --add-opens=java.base/java.util=ALL-UNNAMED --add-opens=java.prefs/java.util.prefs=ALL-UNNAMED --add-opens=java.prefs/java.util.prefs=ALL-UNNAMED --add-opens=java.base/java.nio.charset=ALL-UNNAMED --add-opens=java.base/java.net=ALL-UNNAMED --add-opens=java.base/java.util.concurrent.atomic=ALL-UNNAMED -Xmx2048m -Dfile.encoding=UTF-8 -Duser.country=SV -Duser.language=es -Duser.variant org.gradle.launcher.daemon.bootstrap.GradleDaemon 7.5

Host: Intel(R) Core(TM) i5-3320M CPU @ 2.60GHz, 4 cores, 7G,  Windows 10 , 64 bit Build 19041 (10.0.19041.2788)
Time: Wed May 10 12:48:00 2023 Hora estándar, América Central elapsed time: 9723 seconds (0d 2h 42m 3s)

---------------  T H R E A D  ---------------

Current thread (0x000001ee5c334000):  JavaThread "C2 CompilerThread1" daemon [_thread_in_native, id=16952, stack(0x000000d8dfa00000,0x000000d8dfb00000)]


Current CompileTask:
C2:9723899 26825 %     4       com.android.tools.r8.internal.Ab::a @ 2534 (6176 bytes)

Stack: [0x000000d8dfa00000,0x000000d8dfb00000]
Native frames: (J=compiled Java code, j=interpreted, Vv=VM code, C=native code)
V  [jvm.dll+0x63c21a]
V  [jvm.dll+0x7797df]
V  [jvm.dll+0x77adca]
V  [jvm.dll+0x77b483]
V  [jvm.dll+0x2627f8]
V  [jvm.dll+0xc5c71]
V  [jvm.dll+0xc61fc]
V  [jvm.dll+0x36f8a7]
V  [jvm.dll+0x33c6d3]
V  [jvm.dll+0x33baaa]
V  [jvm.dll+0x21c7c5]
V  [jvm.dll+0x21b96a]
V  [jvm.dll+0x198390]
V  [jvm.dll+0x22a97f]
V  [jvm.dll+0x228f98]
V  [jvm.dll+0x73f03d]
V  [jvm.dll+0x63b2b2]
C  [ucrtbase.dll+0x21bb2]
C  [KERNEL32.DLL+0x17604]
C  [ntdll.dll+0x526a1]


---------------  P R O C E S S  ---------------

Threads class SMR info:
_java_thread_list=0x000001ee625d2330, length=99, elements={
0x000001ee39174000, 0x000001ee57d02800, 0x000001ee57d0c000, 0x000001ee586c2800,
0x000001ee57d20000, 0x000001ee57d23000, 0x000001ee57d2a000, 0x000001ee57d2d000,
0x000001ee587e3800, 0x000001ee587ed800, 0x000001ee5a24e800, 0x000001ee5aa32800,
0x000001ee5b620800, 0x000001ee59f1d000, 0x000001ee59f1e800, 0x000001ee59f1b000,
0x000001ee59f20000, 0x000001ee59f1c000, 0x000001ee59f1d800, 0x000001ee59f1f000,
0x000001ee59f1a800, 0x000001ee59f21000, 0x000001ee5a226000, 0x000001ee5a224800,
0x000001ee5af09800, 0x000001ee6092a800, 0x000001ee6009e800, 0x000001ee5a229800,
0x000001ee6092c000, 0x000001ee5a227000, 0x000001ee5a225000, 0x000001ee5a230000,
0x000001ee60928000, 0x000001ee60924800, 0x000001ee6092b000, 0x000001ee60926800,
0x000001ee60929800, 0x000001ee6092d000, 0x000001ee60927000, 0x000001ee60932800,
0x000001ee60932000, 0x000001ee6092e800, 0x000001ee6092d800, 0x000001ee60931000,
0x000001ee6092f800, 0x000001ee60930000, 0x000001ee60933800, 0x000001ee6009d800,
0x000001ee6009f000, 0x000001ee600a0000, 0x000001ee600a1800, 0x000001ee600a0800,
0x000001ee6009c000, 0x000001ee600a2800, 0x000001ee6009c800, 0x000001ee600a5800,
0x000001ee600a5000, 0x000001ee600a3000, 0x000001ee600a9800, 0x000001ee600a4000,
0x000001ee600a7000, 0x000001ee600a8000, 0x000001ee600a9000, 0x000001ee600a6800,
0x000001ee600aa800, 0x000001ee5af03000, 0x000001ee5aeff800, 0x000001ee5af00800,
0x000001ee5aeff000, 0x000001ee5af01800, 0x000001ee5aefd800, 0x000001ee5af02000,
0x000001ee5af04000, 0x000001ee5aefe000, 0x000001ee5af08000, 0x000001ee5af0a800,
0x000001ee5af08800, 0x000001ee5af04800, 0x000001ee5af0b000, 0x000001ee5af05800,
0x000001ee5af0c000, 0x000001ee5af06800, 0x000001ee5af07000, 0x000001ee5a22b000,
0x000001ee5a22d800, 0x000001ee5a22a000, 0x000001ee5a228800, 0x000001ee5a22c800,
0x000001ee5a231800, 0x000001ee5a22f000, 0x000001ee5a22c000, 0x000001ee5a230800,
0x000001ee5a22e000, 0x000001ee5c337800, 0x000001ee5c336800, 0x000001ee5c335800,
0x000001ee5c333800, 0x000001ee5c33a000, 0x000001ee5c334000
}

Java Threads: ( => current thread )
  0x000001ee39174000 JavaThread "main" [_thread_blocked, id=4208, stack(0x000000d8d8f00000,0x000000d8d9000000)]
  0x000001ee57d02800 JavaThread "Reference Handler" daemon [_thread_blocked, id=9400, stack(0x000000d8d9600000,0x000000d8d9700000)]
  0x000001ee57d0c000 JavaThread "Finalizer" daemon [_thread_blocked, id=16480, stack(0x000000d8d9700000,0x000000d8d9800000)]
  0x000001ee586c2800 JavaThread "Signal Dispatcher" daemon [_thread_blocked, id=16716, stack(0x000000d8d9800000,0x000000d8d9900000)]
  0x000001ee57d20000 JavaThread "Attach Listener" daemon [_thread_blocked, id=10036, stack(0x000000d8d9900000,0x000000d8d9a00000)]
  0x000001ee57d23000 JavaThread "C2 CompilerThread0" daemon [_thread_in_native, id=4548, stack(0x000000d8d9a00000,0x000000d8d9b00000)]
  0x000001ee57d2a000 JavaThread "C1 CompilerThread0" daemon [_thread_blocked, id=10080, stack(0x000000d8d9b00000,0x000000d8d9c00000)]
  0x000001ee57d2d000 JavaThread "Sweeper thread" daemon [_thread_blocked, id=13264, stack(0x000000d8d9c00000,0x000000d8d9d00000)]
  0x000001ee587e3800 JavaThread "Common-Cleaner" daemon [_thread_blocked, id=11376, stack(0x000000d8d9d00000,0x000000d8d9e00000)]
  0x000001ee587ed800 JavaThread "Service Thread" daemon [_thread_blocked, id=13560, stack(0x000000d8d9e00000,0x000000d8d9f00000)]
  0x000001ee5a24e800 JavaThread "Daemon health stats" [_thread_blocked, id=17496, stack(0x000000d8da200000,0x000000d8da300000)]
  0x000001ee5aa32800 JavaThread "Incoming local TCP Connector on port 55005" [_thread_in_native, id=18080, stack(0x000000d8da300000,0x000000d8da400000)]
  0x000001ee5b620800 JavaThread "Daemon periodic checks" [_thread_blocked, id=17744, stack(0x000000d8da400000,0x000000d8da500000)]
  0x000001ee59f1d000 JavaThread "Cache worker for journal cache (C:\Users\Admin\.gradle\caches\journal-1)" [_thread_blocked, id=17568, stack(0x000000d8dad00000,0x000000d8dae00000)]
  0x000001ee59f1e800 JavaThread "File lock request listener" [_thread_in_native, id=12472, stack(0x000000d8dae00000,0x000000d8daf00000)]
  0x000001ee59f1b000 JavaThread "Cache worker for file hash cache (C:\Users\Admin\.gradle\caches\7.5\fileHashes)" [_thread_blocked, id=17480, stack(0x000000d8daf00000,0x000000d8db000000)]
  0x000001ee59f20000 JavaThread "File watcher server" daemon [_thread_in_native, id=14724, stack(0x000000d8db000000,0x000000d8db100000)]
  0x000001ee59f1c000 JavaThread "File watcher consumer" daemon [_thread_blocked, id=4520, stack(0x000000d8db100000,0x000000d8db200000)]
  0x000001ee59f1d800 JavaThread "jar transforms" [_thread_blocked, id=16848, stack(0x000000d8db300000,0x000000d8db400000)]
  0x000001ee59f1f000 JavaThread "jar transforms Thread 2" [_thread_blocked, id=6180, stack(0x000000d8db400000,0x000000d8db500000)]
  0x000001ee59f1a800 JavaThread "jar transforms Thread 3" [_thread_blocked, id=11428, stack(0x000000d8db500000,0x000000d8db600000)]
  0x000001ee59f21000 JavaThread "jar transforms Thread 4" [_thread_blocked, id=1496, stack(0x000000d8db600000,0x000000d8db700000)]
  0x000001ee5a226000 JavaThread "Cache worker for file content cache (C:\Users\Admin\.gradle\caches\7.5\fileContent)" [_thread_blocked, id=16916, stack(0x000000d8db800000,0x000000d8db900000)]
  0x000001ee5a224800 JavaThread "Cache worker for execution history cache (C:\Users\Admin\.gradle\caches\7.5\executionHistory)" [_thread_blocked, id=15480, stack(0x000000d8dbb00000,0x000000d8dbc00000)]
  0x000001ee5af09800 JavaThread "Memory manager" [_thread_blocked, id=9052, stack(0x000000d8de900000,0x000000d8dea00000)]
  0x000001ee6092a800 JavaThread "pool-5-thread-1" [_thread_blocked, id=13228, stack(0x000000d8daa00000,0x000000d8dab00000)]
  0x000001ee6009e800 JavaThread "pool-8-thread-1" [_thread_blocked, id=11596, stack(0x000000d8de700000,0x000000d8de800000)]
  0x000001ee5a229800 JavaThread "pool-11-thread-1" [_thread_blocked, id=7376, stack(0x000000d8deb00000,0x000000d8dec00000)]
  0x000001ee6092c000 JavaThread "pool-14-thread-1" [_thread_blocked, id=10808, stack(0x000000d8de600000,0x000000d8de700000)]
  0x000001ee5a227000 JavaThread "pool-17-thread-1" [_thread_blocked, id=2740, stack(0x000000d8de800000,0x000000d8de900000)]
  0x000001ee5a225000 JavaThread "Daemon Thread 7" [_thread_blocked, id=9404, stack(0x000000d8d8c00000,0x000000d8d8d00000)]
  0x000001ee5a230000 JavaThread "Daemon worker Thread 6" [_thread_blocked, id=7760, stack(0x000000d8da500000,0x000000d8da600000)]
  0x000001ee60928000 JavaThread "pool-20-thread-1" [_thread_blocked, id=10580, stack(0x000000d8dea00000,0x000000d8deb00000)]
  0x000001ee60924800 JavaThread "Handler for socket connection from /127.0.0.1:55005 to /127.0.0.1:55754" [_thread_in_native, id=16420, stack(0x000000d8d8d00000,0x000000d8d8e00000)]
  0x000001ee6092b000 JavaThread "Cancel handler" [_thread_blocked, id=4576, stack(0x000000d8d8e00000,0x000000d8d8f00000)]
  0x000001ee60926800 JavaThread "Asynchronous log dispatcher for DefaultDaemonConnection: socket connection from /127.0.0.1:55005 to /127.0.0.1:55754" [_thread_blocked, id=10012, stack(0x000000d8da600000,0x000000d8da700000)]
  0x000001ee60929800 JavaThread "Daemon client event forwarder" [_thread_blocked, id=2032, stack(0x000000d8da800000,0x000000d8da900000)]
  0x000001ee6092d000 JavaThread "Cache worker for checksums cache (E:\GuiasDSMCiclo03\FinalAPI\.gradle\7.5\checksums)" [_thread_blocked, id=2604, stack(0x000000d8da900000,0x000000d8daa00000)]
  0x000001ee60927000 JavaThread "Cache worker for cache directory md-rule (C:\Users\Admin\.gradle\caches\7.5\md-rule)" [_thread_blocked, id=12704, stack(0x000000d8dab00000,0x000000d8dac00000)]
  0x000001ee60932800 JavaThread "Cache worker for file hash cache (E:\GuiasDSMCiclo03\FinalAPI\.gradle\7.5\fileHashes)" [_thread_blocked, id=15160, stack(0x000000d8db200000,0x000000d8db300000)]
  0x000001ee60932000 JavaThread "Cache worker for cache directory md-supplier (C:\Users\Admin\.gradle\caches\7.5\md-supplier)" [_thread_blocked, id=12844, stack(0x000000d8db700000,0x000000d8db800000)]
  0x000001ee6092e800 JavaThread "Cache worker for dependencies-accessors (E:\GuiasDSMCiclo03\FinalAPI\.gradle\7.5\dependencies-accessors)" [_thread_blocked, id=6908, stack(0x000000d8db900000,0x000000d8dba00000)]
  0x000001ee6092d800 JavaThread "Cache worker for Build Output Cleanup Cache (E:\GuiasDSMCiclo03\FinalAPI\.gradle\buildOutputCleanup)" [_thread_blocked, id=3792, stack(0x000000d8dba00000,0x000000d8dbb00000)]
  0x000001ee60931000 JavaThread "Unconstrained build operations" [_thread_blocked, id=15416, stack(0x000000d8dbc00000,0x000000d8dbd00000)]
  0x000001ee6092f800 JavaThread "Unconstrained build operations Thread 2" [_thread_blocked, id=19304, stack(0x000000d8dbd00000,0x000000d8dbe00000)]
  0x000001ee60930000 JavaThread "Unconstrained build operations Thread 3" [_thread_blocked, id=9144, stack(0x000000d8dbe00000,0x000000d8dbf00000)]
  0x000001ee60933800 JavaThread "Unconstrained build operations Thread 4" [_thread_blocked, id=5456, stack(0x000000d8dbf00000,0x000000d8dc000000)]
  0x000001ee6009d800 JavaThread "Unconstrained build operations Thread 5" [_thread_blocked, id=16856, stack(0x000000d8dc000000,0x000000d8dc100000)]
  0x000001ee6009f000 JavaThread "Unconstrained build operations Thread 6" [_thread_blocked, id=12488, stack(0x000000d8dc100000,0x000000d8dc200000)]
  0x000001ee600a0000 JavaThread "Unconstrained build operations Thread 7" [_thread_blocked, id=12964, stack(0x000000d8dc200000,0x000000d8dc300000)]
  0x000001ee600a1800 JavaThread "Unconstrained build operations Thread 8" [_thread_blocked, id=9008, stack(0x000000d8dc300000,0x000000d8dc400000)]
  0x000001ee600a0800 JavaThread "Unconstrained build operations Thread 9" [_thread_blocked, id=14828, stack(0x000000d8dc400000,0x000000d8dc500000)]
  0x000001ee6009c000 JavaThread "Unconstrained build operations Thread 10" [_thread_blocked, id=12392, stack(0x000000d8dc500000,0x000000d8dc600000)]
  0x000001ee600a2800 JavaThread "Unconstrained build operations Thread 11" [_thread_blocked, id=13248, stack(0x000000d8dc600000,0x000000d8dc700000)]
  0x000001ee6009c800 JavaThread "Unconstrained build operations Thread 12" [_thread_blocked, id=16708, stack(0x000000d8dc700000,0x000000d8dc800000)]
  0x000001ee600a5800 JavaThread "Unconstrained build operations Thread 13" [_thread_blocked, id=15180, stack(0x000000d8dc800000,0x000000d8dc900000)]
  0x000001ee600a5000 JavaThread "Unconstrained build operations Thread 14" [_thread_blocked, id=18040, stack(0x000000d8dc900000,0x000000d8dca00000)]
  0x000001ee600a3000 JavaThread "Unconstrained build operations Thread 15" [_thread_blocked, id=17712, stack(0x000000d8dca00000,0x000000d8dcb00000)]
  0x000001ee600a9800 JavaThread "Unconstrained build operations Thread 16" [_thread_in_native, id=19320, stack(0x000000d8dcb00000,0x000000d8dcc00000)]
  0x000001ee600a4000 JavaThread "Unconstrained build operations Thread 17" [_thread_blocked, id=6688, stack(0x000000d8dcc00000,0x000000d8dcd00000)]
  0x000001ee600a7000 JavaThread "Unconstrained build operations Thread 18" [_thread_blocked, id=6032, stack(0x000000d8dcd00000,0x000000d8dce00000)]
  0x000001ee600a8000 JavaThread "Unconstrained build operations Thread 19" [_thread_blocked, id=7292, stack(0x000000d8dce00000,0x000000d8dcf00000)]
  0x000001ee600a9000 JavaThread "Unconstrained build operations Thread 20" [_thread_blocked, id=18408, stack(0x000000d8dcf00000,0x000000d8dd000000)]
  0x000001ee600a6800 JavaThread "Unconstrained build operations Thread 21" [_thread_blocked, id=16868, stack(0x000000d8dd000000,0x000000d8dd100000)]
  0x000001ee600aa800 JavaThread "Unconstrained build operations Thread 22" [_thread_blocked, id=5764, stack(0x000000d8dd100000,0x000000d8dd200000)]
  0x000001ee5af03000 JavaThread "Unconstrained build operations Thread 23" [_thread_blocked, id=1032, stack(0x000000d8dd200000,0x000000d8dd300000)]
  0x000001ee5aeff800 JavaThread "Unconstrained build operations Thread 24" [_thread_blocked, id=4976, stack(0x000000d8dd300000,0x000000d8dd400000)]
  0x000001ee5af00800 JavaThread "Unconstrained build operations Thread 25" [_thread_blocked, id=7012, stack(0x000000d8dd400000,0x000000d8dd500000)]
  0x000001ee5aeff000 JavaThread "Unconstrained build operations Thread 26" [_thread_blocked, id=7664, stack(0x000000d8dd500000,0x000000d8dd600000)]
  0x000001ee5af01800 JavaThread "Unconstrained build operations Thread 27" [_thread_blocked, id=19052, stack(0x000000d8dd600000,0x000000d8dd700000)]
  0x000001ee5aefd800 JavaThread "Unconstrained build operations Thread 28" [_thread_blocked, id=12528, stack(0x000000d8dd700000,0x000000d8dd800000)]
  0x000001ee5af02000 JavaThread "Unconstrained build operations Thread 29" [_thread_blocked, id=15516, stack(0x000000d8dd800000,0x000000d8dd900000)]
  0x000001ee5af04000 JavaThread "Unconstrained build operations Thread 30" [_thread_blocked, id=11172, stack(0x000000d8dd900000,0x000000d8dda00000)]
  0x000001ee5aefe000 JavaThread "Unconstrained build operations Thread 31" [_thread_blocked, id=11084, stack(0x000000d8dda00000,0x000000d8ddb00000)]
  0x000001ee5af08000 JavaThread "Unconstrained build operations Thread 32" [_thread_blocked, id=15600, stack(0x000000d8ddb00000,0x000000d8ddc00000)]
  0x000001ee5af0a800 JavaThread "Unconstrained build operations Thread 33" [_thread_blocked, id=10624, stack(0x000000d8ddc00000,0x000000d8ddd00000)]
  0x000001ee5af08800 JavaThread "Unconstrained build operations Thread 34" [_thread_blocked, id=10404, stack(0x000000d8ddd00000,0x000000d8dde00000)]
  0x000001ee5af04800 JavaThread "Unconstrained build operations Thread 35" [_thread_blocked, id=2156, stack(0x000000d8dde00000,0x000000d8ddf00000)]
  0x000001ee5af0b000 JavaThread "Unconstrained build operations Thread 36" [_thread_blocked, id=10208, stack(0x000000d8ddf00000,0x000000d8de000000)]
  0x000001ee5af05800 JavaThread "Unconstrained build operations Thread 37" [_thread_blocked, id=1648, stack(0x000000d8de000000,0x000000d8de100000)]
  0x000001ee5af0c000 JavaThread "Unconstrained build operations Thread 38" [_thread_blocked, id=12948, stack(0x000000d8de100000,0x000000d8de200000)]
  0x000001ee5af06800 JavaThread "Unconstrained build operations Thread 39" [_thread_blocked, id=15484, stack(0x000000d8de200000,0x000000d8de300000)]
  0x000001ee5af07000 JavaThread "Unconstrained build operations Thread 40" [_thread_blocked, id=13212, stack(0x000000d8de300000,0x000000d8de400000)]
  0x000001ee5a22b000 JavaThread "build event listener" [_thread_blocked, id=6532, stack(0x000000d8ded00000,0x000000d8dee00000)]
  0x000001ee5a22d800 JavaThread "pool-23-thread-1" [_thread_blocked, id=744, stack(0x000000d8dee00000,0x000000d8def00000)]
  0x000001ee5a22a000 JavaThread "build event listener" [_thread_blocked, id=5860, stack(0x000000d8def00000,0x000000d8df000000)]
  0x000001ee5a228800 JavaThread "included builds" [_thread_blocked, id=8808, stack(0x000000d8df000000,0x000000d8df100000)]
  0x000001ee5a22c800 JavaThread "Execution worker" [_thread_blocked, id=2336, stack(0x000000d8df100000,0x000000d8df200000)]
  0x000001ee5a231800 JavaThread "Execution worker Thread 2" [_thread_blocked, id=16832, stack(0x000000d8df200000,0x000000d8df300000)]
  0x000001ee5a22f000 JavaThread "Execution worker Thread 3" [_thread_blocked, id=10652, stack(0x000000d8df300000,0x000000d8df400000)]
  0x000001ee5a22c000 JavaThread "Cache worker for execution history cache (E:\GuiasDSMCiclo03\FinalAPI\.gradle\7.5\executionHistory)" [_thread_blocked, id=18324, stack(0x000000d8df400000,0x000000d8df500000)]
  0x000001ee5a230800 JavaThread "WorkerExecutor Queue" [_thread_blocked, id=15420, stack(0x000000d8df500000,0x000000d8df600000)]
  0x000001ee5a22e000 JavaThread "WorkerExecutor Queue Thread 2" [_thread_blocked, id=15708, stack(0x000000d8df700000,0x000000d8df800000)]
  0x000001ee5c337800 JavaThread "WorkerExecutor Queue Thread 3" [_thread_blocked, id=7368, stack(0x000000d8df800000,0x000000d8df900000)]
  0x000001ee5c336800 JavaThread "WorkerExecutor Queue Thread 4" [_thread_blocked, id=17624, stack(0x000000d8df900000,0x000000d8dfa00000)]
  0x000001ee5c335800 JavaThread "pool-24-thread-1" [_thread_blocked, id=11764, stack(0x000000d8dec00000,0x000000d8ded00000)]
  0x000001ee5c333800 JavaThread "stderr" [_thread_in_native, id=11584, stack(0x000000d8da700000,0x000000d8da800000)]
  0x000001ee5c33a000 JavaThread "stdout" [_thread_in_native, id=9876, stack(0x000000d8df600000,0x000000d8df700000)]
=>0x000001ee5c334000 JavaThread "C2 CompilerThread1" daemon [_thread_in_native, id=16952, stack(0x000000d8dfa00000,0x000000d8dfb00000)]

Other Threads:
  0x000001ee57cff000 VMThread "VM Thread" [stack: 0x000000d8d9500000,0x000000d8d9600000] [id=12740]
  0x000001ee58830800 WatcherThread [stack: 0x000000d8d9f00000,0x000000d8da000000] [id=8660]
  0x000001ee3918b800 GCTaskThread "GC Thread#0" [stack: 0x000000d8d9000000,0x000000d8d9100000] [id=7680]
  0x000001ee59076800 GCTaskThread "GC Thread#1" [stack: 0x000000d8da000000,0x000000d8da100000] [id=11048]
  0x000001ee59077000 GCTaskThread "GC Thread#2" [stack: 0x000000d8da100000,0x000000d8da200000] [id=13748]
  0x000001ee59dde800 GCTaskThread "GC Thread#3" [stack: 0x000000d8dac00000,0x000000d8dad00000] [id=7404]
  0x000001ee391bb800 ConcurrentGCThread "G1 Main Marker" [stack: 0x000000d8d9100000,0x000000d8d9200000] [id=8384]
  0x000001ee391bd800 ConcurrentGCThread "G1 Conc#0" [stack: 0x000000d8d9200000,0x000000d8d9300000] [id=18536]
  0x000001ee3924b000 ConcurrentGCThread "G1 Refine#0" [stack: 0x000000d8d9300000,0x000000d8d9400000] [id=9232]
  0x000001ee3924c800 ConcurrentGCThread "G1 Young RemSet Sampling" [stack: 0x000000d8d9400000,0x000000d8d9500000] [id=17732]

Threads with active compile tasks:
C2 CompilerThread026892       4       com.android.tools.r8.internal.Ab::a (4413 bytes)
C1 CompilerThread026916       2       com.android.tools.r8.graph.P2::d (75 bytes)
C2 CompilerThread126825 %     4       com.android.tools.r8.internal.Ab::a @ 2534 (6176 bytes)

VM state:not at safepoint (normal execution)

VM Mutex/Monitor currently owned by a thread: None

Heap address: 0x0000000080000000, size: 2048 MB, Compressed Oops mode: 32-bit
Narrow klass base: 0x0000000000000000, Narrow klass shift: 3
Compressed class space size: 1073741824 Address: 0x0000000100000000

Heap:
 garbage-first heap   total 286720K, used 259881K [0x0000000080000000, 0x0000000100000000)
  region size 1024K, 11 young (11264K), 2 survivors (2048K)
 Metaspace       used 156140K, capacity 160995K, committed 161360K, reserved 1189888K
  class space    used 19162K, capacity 20880K, committed 20992K, reserved 1048576K
Heap Regions: E=young(eden), S=young(survivor), O=old, HS=humongous(starts), HC=humongous(continues), CS=collection set, F=free, A=archive, TAMS=top-at-mark-start (previous, next)
|   0|0x0000000080000000, 0x0000000080100000, 0x0000000080100000|100%|HS|  |TAMS 0x0000000080100000, 0x0000000080000000| Complete 
|   1|0x0000000080100000, 0x0000000080200000, 0x0000000080200000|100%|HC|  |TAMS 0x0000000080200000, 0x0000000080100000| Complete 
|   2|0x0000000080200000, 0x0000000080300000, 0x0000000080300000|100%|HC|  |TAMS 0x0000000080300000, 0x0000000080200000| Complete 
|   3|0x0000000080300000, 0x0000000080400000, 0x0000000080400000|100%| O|  |TAMS 0x0000000080400000, 0x0000000080300000| Untracked 
|   4|0x0000000080400000, 0x0000000080500000, 0x0000000080500000|100%| O|  |TAMS 0x0000000080500000, 0x0000000080400000| Untracked 
|   5|0x0000000080500000, 0x0000000080600000, 0x0000000080600000|100%| O|  |TAMS 0x0000000080600000, 0x0000000080500000| Untracked 
|   6|0x0000000080600000, 0x0000000080700000, 0x0000000080700000|100%| O|  |TAMS 0x0000000080700000, 0x0000000080600000| Untracked 
|   7|0x0000000080700000, 0x0000000080800000, 0x0000000080800000|100%| O|  |TAMS 0x0000000080800000, 0x0000000080700000| Untracked 
|   8|0x0000000080800000, 0x0000000080900000, 0x0000000080900000|100%| O|  |TAMS 0x0000000080900000, 0x0000000080800000| Untracked 
|   9|0x0000000080900000, 0x0000000080a00000, 0x0000000080a00000|100%| O|  |TAMS 0x0000000080a00000, 0x0000000080900000| Untracked 
|  10|0x0000000080a00000, 0x0000000080b00000, 0x0000000080b00000|100%| O|  |TAMS 0x0000000080b00000, 0x0000000080a00000| Untracked 
|  11|0x0000000080b00000, 0x0000000080c00000, 0x0000000080c00000|100%| O|  |TAMS 0x0000000080c00000, 0x0000000080b00000| Untracked 
|  12|0x0000000080c00000, 0x0000000080d00000, 0x0000000080d00000|100%| O|  |TAMS 0x0000000080d00000, 0x0000000080c00000| Untracked 
|  13|0x0000000080d00000, 0x0000000080e00000, 0x0000000080e00000|100%| O|  |TAMS 0x0000000080e00000, 0x0000000080d00000| Untracked 
|  14|0x0000000080e00000, 0x0000000080f00000, 0x0000000080f00000|100%| O|  |TAMS 0x0000000080f00000, 0x0000000080e00000| Untracked 
|  15|0x0000000080f00000, 0x0000000081000000, 0x0000000081000000|100%| O|  |TAMS 0x0000000081000000, 0x0000000080f00000| Untracked 
|  16|0x0000000081000000, 0x0000000081100000, 0x0000000081100000|100%|HS|  |TAMS 0x0000000081100000, 0x0000000081000000| Complete 
|  17|0x0000000081100000, 0x0000000081200000, 0x0000000081200000|100%|HC|  |TAMS 0x0000000081200000, 0x0000000081100000| Complete 
|  18|0x0000000081200000, 0x0000000081300000, 0x0000000081300000|100%|HS|  |TAMS 0x0000000081300000, 0x0000000081200000| Complete 
|  19|0x0000000081300000, 0x0000000081400000, 0x0000000081400000|100%|HC|  |TAMS 0x0000000081400000, 0x0000000081300000| Complete 
|  20|0x0000000081400000, 0x0000000081500000, 0x0000000081500000|100%|HC|  |TAMS 0x0000000081500000, 0x0000000081400000| Complete 
|  21|0x0000000081500000, 0x0000000081600000, 0x0000000081600000|100%|HS|  |TAMS 0x0000000081600000, 0x0000000081500000| Complete 
|  22|0x0000000081600000, 0x0000000081700000, 0x0000000081700000|100%|HC|  |TAMS 0x0000000081700000, 0x0000000081600000| Complete 
|  23|0x0000000081700000, 0x0000000081800000, 0x0000000081800000|100%|HC|  |TAMS 0x0000000081800000, 0x0000000081700000| Complete 
|  24|0x0000000081800000, 0x0000000081900000, 0x0000000081900000|100%|HS|  |TAMS 0x0000000081900000, 0x0000000081800000| Complete 
|  25|0x0000000081900000, 0x0000000081a00000, 0x0000000081a00000|100%|HC|  |TAMS 0x0000000081a00000, 0x0000000081900000| Complete 
|  26|0x0000000081a00000, 0x0000000081b00000, 0x0000000081b00000|100%|HS|  |TAMS 0x0000000081b00000, 0x0000000081a00000| Complete 
|  27|0x0000000081b00000, 0x0000000081c00000, 0x0000000081c00000|100%|HC|  |TAMS 0x0000000081c00000, 0x0000000081b00000| Complete 
|  28|0x0000000081c00000, 0x0000000081d00000, 0x0000000081d00000|100%|HC|  |TAMS 0x0000000081d00000, 0x0000000081c00000| Complete 
|  29|0x0000000081d00000, 0x0000000081e00000, 0x0000000081e00000|100%|HC|  |TAMS 0x0000000081e00000, 0x0000000081d00000| Complete 
|  30|0x0000000081e00000, 0x0000000081f00000, 0x0000000081f00000|100%|HC|  |TAMS 0x0000000081f00000, 0x0000000081e00000| Complete 
|  31|0x0000000081f00000, 0x0000000082000000, 0x0000000082000000|100%|HC|  |TAMS 0x0000000082000000, 0x0000000081f00000| Complete 
|  32|0x0000000082000000, 0x0000000082100000, 0x0000000082100000|100%|HC|  |TAMS 0x0000000082100000, 0x0000000082000000| Complete 
|  33|0x0000000082100000, 0x0000000082200000, 0x0000000082200000|100%|HC|  |TAMS 0x0000000082200000, 0x0000000082100000| Complete 
|  34|0x0000000082200000, 0x0000000082300000, 0x0000000082300000|100%|HC|  |TAMS 0x0000000082300000, 0x0000000082200000| Complete 
|  35|0x0000000082300000, 0x0000000082400000, 0x0000000082400000|100%|HC|  |TAMS 0x0000000082400000, 0x0000000082300000| Complete 
|  36|0x0000000082400000, 0x0000000082500000, 0x0000000082500000|100%|HS|  |TAMS 0x0000000082500000, 0x0000000082400000| Complete 
|  37|0x0000000082500000, 0x0000000082600000, 0x0000000082600000|100%|HC|  |TAMS 0x0000000082600000, 0x0000000082500000| Complete 
|  38|0x0000000082600000, 0x0000000082700000, 0x0000000082700000|100%|HS|  |TAMS 0x0000000082700000, 0x0000000082600000| Complete 
|  39|0x0000000082700000, 0x0000000082800000, 0x0000000082800000|100%|HC|  |TAMS 0x0000000082800000, 0x0000000082700000| Complete 
|  40|0x0000000082800000, 0x0000000082900000, 0x0000000082900000|100%|HC|  |TAMS 0x0000000082900000, 0x0000000082800000| Complete 
|  41|0x0000000082900000, 0x0000000082a00000, 0x0000000082a00000|100%|HC|  |TAMS 0x0000000082a00000, 0x0000000082900000| Complete 
|  42|0x0000000082a00000, 0x0000000082b00000, 0x0000000082b00000|100%|HC|  |TAMS 0x0000000082b00000, 0x0000000082a00000| Complete 
|  43|0x0000000082b00000, 0x0000000082c00000, 0x0000000082c00000|100%| O|  |TAMS 0x0000000082c00000, 0x0000000082b00000| Untracked 
|  44|0x0000000082c00000, 0x0000000082d00000, 0x0000000082d00000|100%| O|  |TAMS 0x0000000082d00000, 0x0000000082c00000| Untracked 
|  45|0x0000000082d00000, 0x0000000082e00000, 0x0000000082e00000|100%| O|  |TAMS 0x0000000082e00000, 0x0000000082d00000| Untracked 
|  46|0x0000000082e00000, 0x0000000082f00000, 0x0000000082f00000|100%|HS|  |TAMS 0x0000000082f00000, 0x0000000082e00000| Complete 
|  47|0x0000000082f00000, 0x0000000083000000, 0x0000000083000000|100%|HC|  |TAMS 0x0000000083000000, 0x0000000082f00000| Complete 
|  48|0x0000000083000000, 0x0000000083100000, 0x0000000083100000|100%| O|  |TAMS 0x0000000083100000, 0x0000000083000000| Untracked 
|  49|0x0000000083100000, 0x0000000083200000, 0x0000000083200000|100%| O|  |TAMS 0x0000000083200000, 0x0000000083100000| Untracked 
|  50|0x0000000083200000, 0x0000000083300000, 0x0000000083300000|100%| O|  |TAMS 0x0000000083300000, 0x0000000083200000| Untracked 
|  51|0x0000000083300000, 0x0000000083400000, 0x0000000083400000|100%| O|  |TAMS 0x0000000083400000, 0x0000000083300000| Untracked 
|  52|0x0000000083400000, 0x0000000083500000, 0x0000000083500000|100%| O|  |TAMS 0x0000000083500000, 0x0000000083400000| Untracked 
|  53|0x0000000083500000, 0x0000000083600000, 0x0000000083600000|100%| O|  |TAMS 0x0000000083600000, 0x0000000083500000| Untracked 
|  54|0x0000000083600000, 0x0000000083700000, 0x0000000083700000|100%| O|  |TAMS 0x0000000083700000, 0x0000000083600000| Untracked 
|  55|0x0000000083700000, 0x0000000083800000, 0x0000000083800000|100%| O|  |TAMS 0x0000000083800000, 0x0000000083700000| Untracked 
|  56|0x0000000083800000, 0x0000000083900000, 0x0000000083900000|100%| O|  |TAMS 0x0000000083900000, 0x0000000083800000| Untracked 
|  57|0x0000000083900000, 0x0000000083a00000, 0x0000000083a00000|100%| O|  |TAMS 0x0000000083a00000, 0x0000000083900000| Untracked 
|  58|0x0000000083a00000, 0x0000000083b00000, 0x0000000083b00000|100%| O|  |TAMS 0x0000000083b00000, 0x0000000083a00000| Untracked 
|  59|0x0000000083b00000, 0x0000000083c00000, 0x0000000083c00000|100%| O|  |TAMS 0x0000000083c00000, 0x0000000083b00000| Untracked 
|  60|0x0000000083c00000, 0x0000000083d00000, 0x0000000083d00000|100%| O|  |TAMS 0x0000000083d00000, 0x0000000083c00000| Untracked 
|  61|0x0000000083d00000, 0x0000000083e00000, 0x0000000083e00000|100%|HS|  |TAMS 0x0000000083e00000, 0x0000000083d00000| Complete 
|  62|0x0000000083e00000, 0x0000000083f00000, 0x0000000083f00000|100%|HC|  |TAMS 0x0000000083f00000, 0x0000000083e00000| Complete 
|  63|0x0000000083f00000, 0x0000000084000000, 0x0000000084000000|100%|HC|  |TAMS 0x0000000084000000, 0x0000000083f00000| Complete 
|  64|0x0000000084000000, 0x0000000084100000, 0x0000000084100000|100%|HC|  |TAMS 0x0000000084100000, 0x0000000084000000| Complete 
|  65|0x0000000084100000, 0x0000000084200000, 0x0000000084200000|100%|HC|  |TAMS 0x0000000084200000, 0x0000000084100000| Complete 
|  66|0x0000000084200000, 0x0000000084300000, 0x0000000084300000|100%|HC|  |TAMS 0x0000000084300000, 0x0000000084200000| Complete 
|  67|0x0000000084300000, 0x0000000084400000, 0x0000000084400000|100%|HC|  |TAMS 0x0000000084400000, 0x0000000084300000| Complete 
|  68|0x0000000084400000, 0x0000000084500000, 0x0000000084500000|100%|HC|  |TAMS 0x0000000084500000, 0x0000000084400000| Complete 
|  69|0x0000000084500000, 0x0000000084600000, 0x0000000084600000|100%|HC|  |TAMS 0x0000000084600000, 0x0000000084500000| Complete 
|  70|0x0000000084600000, 0x0000000084700000, 0x0000000084700000|100%|HC|  |TAMS 0x0000000084700000, 0x0000000084600000| Complete 
|  71|0x0000000084700000, 0x0000000084800000, 0x0000000084800000|100%|HS|  |TAMS 0x0000000084800000, 0x0000000084700000| Complete 
|  72|0x0000000084800000, 0x0000000084900000, 0x0000000084900000|100%|HC|  |TAMS 0x0000000084900000, 0x0000000084800000| Complete 
|  73|0x0000000084900000, 0x0000000084a00000, 0x0000000084a00000|100%|HC|  |TAMS 0x0000000084a00000, 0x0000000084900000| Complete 
|  74|0x0000000084a00000, 0x0000000084b00000, 0x0000000084b00000|100%|HS|  |TAMS 0x0000000084b00000, 0x0000000084a00000| Complete 
|  75|0x0000000084b00000, 0x0000000084c00000, 0x0000000084c00000|100%|HC|  |TAMS 0x0000000084c00000, 0x0000000084b00000| Complete 
|  76|0x0000000084c00000, 0x0000000084d00000, 0x0000000084d00000|100%|HS|  |TAMS 0x0000000084d00000, 0x0000000084c00000| Complete 
|  77|0x0000000084d00000, 0x0000000084e00000, 0x0000000084e00000|100%|HC|  |TAMS 0x0000000084e00000, 0x0000000084d00000| Complete 
|  78|0x0000000084e00000, 0x0000000084f00000, 0x0000000084f00000|100%|HC|  |TAMS 0x0000000084f00000, 0x0000000084e00000| Complete 
|  79|0x0000000084f00000, 0x0000000085000000, 0x0000000085000000|100%| O|  |TAMS 0x0000000085000000, 0x0000000084f00000| Untracked 
|  80|0x0000000085000000, 0x0000000085100000, 0x0000000085100000|100%| O|  |TAMS 0x0000000085100000, 0x0000000085000000| Untracked 
|  81|0x0000000085100000, 0x0000000085200000, 0x0000000085200000|100%| O|  |TAMS 0x0000000085200000, 0x0000000085100000| Untracked 
|  82|0x0000000085200000, 0x0000000085300000, 0x0000000085300000|100%| O|  |TAMS 0x0000000085300000, 0x0000000085200000| Untracked 
|  83|0x0000000085300000, 0x0000000085400000, 0x0000000085400000|100%| O|  |TAMS 0x0000000085400000, 0x0000000085300000| Untracked 
|  84|0x0000000085400000, 0x0000000085500000, 0x0000000085500000|100%| O|  |TAMS 0x0000000085500000, 0x0000000085400000| Untracked 
|  85|0x0000000085500000, 0x0000000085600000, 0x0000000085600000|100%|HS|  |TAMS 0x0000000085600000, 0x0000000085500000| Complete 
|  86|0x0000000085600000, 0x0000000085700000, 0x0000000085700000|100%|HC|  |TAMS 0x0000000085700000, 0x0000000085600000| Complete 
|  87|0x0000000085700000, 0x0000000085800000, 0x0000000085800000|100%|HC|  |TAMS 0x0000000085800000, 0x0000000085700000| Complete 
|  88|0x0000000085800000, 0x0000000085900000, 0x0000000085900000|100%|HC|  |TAMS 0x0000000085900000, 0x0000000085800000| Complete 
|  89|0x0000000085900000, 0x0000000085a00000, 0x0000000085a00000|100%|HC|  |TAMS 0x0000000085a00000, 0x0000000085900000| Complete 
|  90|0x0000000085a00000, 0x0000000085b00000, 0x0000000085b00000|100%| O|  |TAMS 0x0000000085b00000, 0x0000000085a00000| Untracked 
|  91|0x0000000085b00000, 0x0000000085c00000, 0x0000000085c00000|100%| O|  |TAMS 0x0000000085c00000, 0x0000000085b00000| Untracked 
|  92|0x0000000085c00000, 0x0000000085d00000, 0x0000000085d00000|100%| O|  |TAMS 0x0000000085d00000, 0x0000000085c00000| Untracked 
|  93|0x0000000085d00000, 0x0000000085e00000, 0x0000000085e00000|100%| O|  |TAMS 0x0000000085e00000, 0x0000000085d00000| Untracked 
|  94|0x0000000085e00000, 0x0000000085f00000, 0x0000000085f00000|100%| O|  |TAMS 0x0000000085f00000, 0x0000000085e00000| Untracked 
|  95|0x0000000085f00000, 0x0000000086000000, 0x0000000086000000|100%| O|  |TAMS 0x0000000086000000, 0x0000000085f00000| Untracked 
|  96|0x0000000086000000, 0x0000000086100000, 0x0000000086100000|100%| O|  |TAMS 0x0000000086100000, 0x0000000086000000| Untracked 
|  97|0x0000000086100000, 0x0000000086200000, 0x0000000086200000|100%| O|  |TAMS 0x0000000086200000, 0x0000000086100000| Untracked 
|  98|0x0000000086200000, 0x0000000086300000, 0x0000000086300000|100%| O|  |TAMS 0x0000000086300000, 0x0000000086200000| Untracked 
|  99|0x0000000086300000, 0x0000000086400000, 0x0000000086400000|100%| O|  |TAMS 0x0000000086400000, 0x0000000086300000| Untracked 
| 100|0x0000000086400000, 0x0000000086500000, 0x0000000086500000|100%| O|  |TAMS 0x0000000086500000, 0x0000000086400000| Untracked 
| 101|0x0000000086500000, 0x0000000086600000, 0x0000000086600000|100%|HS|  |TAMS 0x0000000086600000, 0x0000000086500000| Complete 
| 102|0x0000000086600000, 0x0000000086700000, 0x0000000086700000|100%| O|  |TAMS 0x0000000086700000, 0x0000000086600000| Untracked 
| 103|0x0000000086700000, 0x0000000086800000, 0x0000000086800000|100%|HS|  |TAMS 0x0000000086800000, 0x0000000086700000| Complete 
| 104|0x0000000086800000, 0x0000000086900000, 0x0000000086900000|100%|HC|  |TAMS 0x0000000086900000, 0x0000000086800000| Complete 
| 105|0x0000000086900000, 0x0000000086a00000, 0x0000000086a00000|100%| O|  |TAMS 0x0000000086a00000, 0x0000000086900000| Untracked 
| 106|0x0000000086a00000, 0x0000000086b00000, 0x0000000086b00000|100%|HS|  |TAMS 0x0000000086b00000, 0x0000000086a00000| Complete 
| 107|0x0000000086b00000, 0x0000000086c00000, 0x0000000086c00000|100%| O|  |TAMS 0x0000000086c00000, 0x0000000086b00000| Untracked 
| 108|0x0000000086c00000, 0x0000000086d00000, 0x0000000086d00000|100%| O|  |TAMS 0x0000000086d00000, 0x0000000086c00000| Untracked 
| 109|0x0000000086d00000, 0x0000000086e00000, 0x0000000086e00000|100%|HS|  |TAMS 0x0000000086e00000, 0x0000000086d00000| Complete 
| 110|0x0000000086e00000, 0x0000000086f00000, 0x0000000086f00000|100%|HC|  |TAMS 0x0000000086f00000, 0x0000000086e00000| Complete 
| 111|0x0000000086f00000, 0x0000000087000000, 0x0000000087000000|100%|HC|  |TAMS 0x0000000087000000, 0x0000000086f00000| Complete 
| 112|0x0000000087000000, 0x0000000087100000, 0x0000000087100000|100%|HC|  |TAMS 0x0000000087100000, 0x0000000087000000| Complete 
| 113|0x0000000087100000, 0x0000000087200000, 0x0000000087200000|100%| O|  |TAMS 0x0000000087200000, 0x0000000087100000| Untracked 
| 114|0x0000000087200000, 0x0000000087300000, 0x0000000087300000|100%| O|  |TAMS 0x0000000087300000, 0x0000000087200000| Untracked 
| 115|0x0000000087300000, 0x0000000087400000, 0x0000000087400000|100%| O|  |TAMS 0x0000000087400000, 0x0000000087300000| Untracked 
| 116|0x0000000087400000, 0x0000000087500000, 0x0000000087500000|100%| O|  |TAMS 0x0000000087500000, 0x0000000087400000| Untracked 
| 117|0x0000000087500000, 0x0000000087600000, 0x0000000087600000|100%| O|  |TAMS 0x0000000087600000, 0x0000000087500000| Untracked 
| 118|0x0000000087600000, 0x0000000087700000, 0x0000000087700000|100%| O|  |TAMS 0x0000000087700000, 0x0000000087600000| Untracked 
| 119|0x0000000087700000, 0x0000000087800000, 0x0000000087800000|100%| O|  |TAMS 0x0000000087800000, 0x0000000087700000| Untracked 
| 120|0x0000000087800000, 0x0000000087900000, 0x0000000087900000|100%| O|  |TAMS 0x0000000087900000, 0x0000000087800000| Untracked 
| 121|0x0000000087900000, 0x0000000087a00000, 0x0000000087a00000|100%| O|  |TAMS 0x0000000087a00000, 0x0000000087900000| Untracked 
| 122|0x0000000087a00000, 0x0000000087b00000, 0x0000000087b00000|100%| O|  |TAMS 0x0000000087b00000, 0x0000000087a00000| Untracked 
| 123|0x0000000087b00000, 0x0000000087c00000, 0x0000000087c00000|100%| O|  |TAMS 0x0000000087c00000, 0x0000000087b00000| Untracked 
| 124|0x0000000087c00000, 0x0000000087d00000, 0x0000000087d00000|100%| O|  |TAMS 0x0000000087d00000, 0x0000000087c00000| Untracked 
| 125|0x0000000087d00000, 0x0000000087e00000, 0x0000000087e00000|100%| O|  |TAMS 0x0000000087e00000, 0x0000000087d00000| Untracked 
| 126|0x0000000087e00000, 0x0000000087f00000, 0x0000000087f00000|100%| O|  |TAMS 0x0000000087f00000, 0x0000000087e00000| Untracked 
| 127|0x0000000087f00000, 0x0000000088000000, 0x0000000088000000|100%| O|  |TAMS 0x0000000088000000, 0x0000000087f00000| Untracked 
| 128|0x0000000088000000, 0x0000000088100000, 0x0000000088100000|100%| O|  |TAMS 0x0000000088100000, 0x0000000088000000| Untracked 
| 129|0x0000000088100000, 0x0000000088200000, 0x0000000088200000|100%| O|  |TAMS 0x0000000088200000, 0x0000000088100000| Untracked 
| 130|0x0000000088200000, 0x0000000088300000, 0x0000000088300000|100%| O|  |TAMS 0x0000000088300000, 0x0000000088200000| Untracked 
| 131|0x0000000088300000, 0x0000000088400000, 0x0000000088400000|100%| O|  |TAMS 0x0000000088400000, 0x0000000088300000| Untracked 
| 132|0x0000000088400000, 0x0000000088500000, 0x0000000088500000|100%| O|  |TAMS 0x0000000088500000, 0x0000000088400000| Untracked 
| 133|0x0000000088500000, 0x0000000088600000, 0x0000000088600000|100%| O|  |TAMS 0x0000000088600000, 0x0000000088500000| Untracked 
| 134|0x0000000088600000, 0x0000000088700000, 0x0000000088700000|100%| O|  |TAMS 0x0000000088700000, 0x0000000088600000| Untracked 
| 135|0x0000000088700000, 0x0000000088800000, 0x0000000088800000|100%| O|  |TAMS 0x0000000088800000, 0x0000000088700000| Untracked 
| 136|0x0000000088800000, 0x0000000088900000, 0x0000000088900000|100%| O|  |TAMS 0x0000000088900000, 0x0000000088800000| Untracked 
| 137|0x0000000088900000, 0x0000000088a00000, 0x0000000088a00000|100%| O|  |TAMS 0x0000000088a00000, 0x0000000088900000| Untracked 
| 138|0x0000000088a00000, 0x0000000088b00000, 0x0000000088b00000|100%| O|  |TAMS 0x0000000088b00000, 0x0000000088a00000| Untracked 
| 139|0x0000000088b00000, 0x0000000088c00000, 0x0000000088c00000|100%| O|  |TAMS 0x0000000088c00000, 0x0000000088b00000| Untracked 
| 140|0x0000000088c00000, 0x0000000088d00000, 0x0000000088d00000|100%| O|  |TAMS 0x0000000088d00000, 0x0000000088c00000| Untracked 
| 141|0x0000000088d00000, 0x0000000088e00000, 0x0000000088e00000|100%| O|  |TAMS 0x0000000088e00000, 0x0000000088d00000| Untracked 
| 142|0x0000000088e00000, 0x0000000088f00000, 0x0000000088f00000|100%| O|  |TAMS 0x0000000088f00000, 0x0000000088e00000| Untracked 
| 143|0x0000000088f00000, 0x0000000089000000, 0x0000000089000000|100%| O|  |TAMS 0x0000000089000000, 0x0000000088f00000| Untracked 
| 144|0x0000000089000000, 0x0000000089100000, 0x0000000089100000|100%|HS|  |TAMS 0x0000000089100000, 0x0000000089000000| Complete 
| 145|0x0000000089100000, 0x0000000089200000, 0x0000000089200000|100%|HC|  |TAMS 0x0000000089200000, 0x0000000089100000| Complete 
| 146|0x0000000089200000, 0x0000000089300000, 0x0000000089300000|100%|HS|  |TAMS 0x0000000089300000, 0x0000000089200000| Complete 
| 147|0x0000000089300000, 0x0000000089400000, 0x0000000089400000|100%|HC|  |TAMS 0x0000000089400000, 0x0000000089300000| Complete 
| 148|0x0000000089400000, 0x0000000089500000, 0x0000000089500000|100%|HC|  |TAMS 0x0000000089500000, 0x0000000089400000| Complete 
| 149|0x0000000089500000, 0x0000000089600000, 0x0000000089600000|100%|HS|  |TAMS 0x0000000089600000, 0x0000000089500000| Complete 
| 150|0x0000000089600000, 0x0000000089700000, 0x0000000089700000|100%|HC|  |TAMS 0x0000000089700000, 0x0000000089600000| Complete 
| 151|0x0000000089700000, 0x0000000089800000, 0x0000000089800000|100%|HC|  |TAMS 0x0000000089800000, 0x0000000089700000| Complete 
| 152|0x0000000089800000, 0x0000000089900000, 0x0000000089900000|100%|HS|  |TAMS 0x0000000089900000, 0x0000000089800000| Complete 
| 153|0x0000000089900000, 0x0000000089a00000, 0x0000000089a00000|100%|HC|  |TAMS 0x0000000089a00000, 0x0000000089900000| Complete 
| 154|0x0000000089a00000, 0x0000000089b00000, 0x0000000089b00000|100%|HS|  |TAMS 0x0000000089b00000, 0x0000000089a00000| Complete 
| 155|0x0000000089b00000, 0x0000000089c00000, 0x0000000089c00000|100%|HC|  |TAMS 0x0000000089c00000, 0x0000000089b00000| Complete 
| 156|0x0000000089c00000, 0x0000000089d00000, 0x0000000089d00000|100%|HC|  |TAMS 0x0000000089d00000, 0x0000000089c00000| Complete 
| 157|0x0000000089d00000, 0x0000000089e00000, 0x0000000089e00000|100%|HC|  |TAMS 0x0000000089e00000, 0x0000000089d00000| Complete 
| 158|0x0000000089e00000, 0x0000000089f00000, 0x0000000089f00000|100%|HC|  |TAMS 0x0000000089f00000, 0x0000000089e00000| Complete 
| 159|0x0000000089f00000, 0x000000008a000000, 0x000000008a000000|100%|HC|  |TAMS 0x000000008a000000, 0x0000000089f00000| Complete 
| 160|0x000000008a000000, 0x000000008a100000, 0x000000008a100000|100%|HC|  |TAMS 0x000000008a100000, 0x000000008a000000| Complete 
| 161|0x000000008a100000, 0x000000008a200000, 0x000000008a200000|100%|HC|  |TAMS 0x000000008a200000, 0x000000008a100000| Complete 
| 162|0x000000008a200000, 0x000000008a300000, 0x000000008a300000|100%|HC|  |TAMS 0x000000008a300000, 0x000000008a200000| Complete 
| 163|0x000000008a300000, 0x000000008a400000, 0x000000008a400000|100%|HC|  |TAMS 0x000000008a400000, 0x000000008a300000| Complete 
| 164|0x000000008a400000, 0x000000008a500000, 0x000000008a500000|100%|HS|  |TAMS 0x000000008a500000, 0x000000008a400000| Complete 
| 165|0x000000008a500000, 0x000000008a600000, 0x000000008a600000|100%|HC|  |TAMS 0x000000008a600000, 0x000000008a500000| Complete 
| 166|0x000000008a600000, 0x000000008a700000, 0x000000008a700000|100%|HS|  |TAMS 0x000000008a700000, 0x000000008a600000| Complete 
| 167|0x000000008a700000, 0x000000008a800000, 0x000000008a800000|100%|HC|  |TAMS 0x000000008a800000, 0x000000008a700000| Complete 
| 168|0x000000008a800000, 0x000000008a900000, 0x000000008a900000|100%|HC|  |TAMS 0x000000008a900000, 0x000000008a800000| Complete 
| 169|0x000000008a900000, 0x000000008aa00000, 0x000000008aa00000|100%|HC|  |TAMS 0x000000008aa00000, 0x000000008a900000| Complete 
| 170|0x000000008aa00000, 0x000000008ab00000, 0x000000008ab00000|100%|HC|  |TAMS 0x000000008ab00000, 0x000000008aa00000| Complete 
| 171|0x000000008ab00000, 0x000000008ac00000, 0x000000008ac00000|100%| O|  |TAMS 0x000000008ac00000, 0x000000008ab00000| Untracked 
| 172|0x000000008ac00000, 0x000000008ad00000, 0x000000008ad00000|100%| O|  |TAMS 0x000000008ad00000, 0x000000008ac00000| Untracked 
| 173|0x000000008ad00000, 0x000000008ae00000, 0x000000008ae00000|100%| O|  |TAMS 0x000000008ae00000, 0x000000008ad00000| Untracked 
| 174|0x000000008ae00000, 0x000000008af00000, 0x000000008af00000|100%| O|  |TAMS 0x000000008af00000, 0x000000008ae00000| Untracked 
| 175|0x000000008af00000, 0x000000008b000000, 0x000000008b000000|100%| O|  |TAMS 0x000000008b000000, 0x000000008af00000| Untracked 
| 176|0x000000008b000000, 0x000000008b100000, 0x000000008b100000|100%| O|  |TAMS 0x000000008b100000, 0x000000008b000000| Untracked 
| 177|0x000000008b100000, 0x000000008b200000, 0x000000008b200000|100%| O|  |TAMS 0x000000008b200000, 0x000000008b100000| Untracked 
| 178|0x000000008b200000, 0x000000008b300000, 0x000000008b300000|100%| O|  |TAMS 0x000000008b300000, 0x000000008b200000| Untracked 
| 179|0x000000008b300000, 0x000000008b400000, 0x000000008b400000|100%| O|  |TAMS 0x000000008b400000, 0x000000008b300000| Untracked 
| 180|0x000000008b400000, 0x000000008b500000, 0x000000008b500000|100%| O|  |TAMS 0x000000008b500000, 0x000000008b400000| Untracked 
| 181|0x000000008b500000, 0x000000008b600000, 0x000000008b600000|100%| O|  |TAMS 0x000000008b600000, 0x000000008b500000| Untracked 
| 182|0x000000008b600000, 0x000000008b700000, 0x000000008b700000|100%| O|  |TAMS 0x000000008b700000, 0x000000008b600000| Untracked 
| 183|0x000000008b700000, 0x000000008b800000, 0x000000008b800000|100%| O|  |TAMS 0x000000008b800000, 0x000000008b700000| Untracked 
| 184|0x000000008b800000, 0x000000008b900000, 0x000000008b900000|100%| O|  |TAMS 0x000000008b900000, 0x000000008b800000| Untracked 
| 185|0x000000008b900000, 0x000000008ba00000, 0x000000008ba00000|100%| O|  |TAMS 0x000000008ba00000, 0x000000008b900000| Untracked 
| 186|0x000000008ba00000, 0x000000008bb00000, 0x000000008bb00000|100%| O|  |TAMS 0x000000008bb00000, 0x000000008ba00000| Untracked 
| 187|0x000000008bb00000, 0x000000008bc00000, 0x000000008bc00000|100%| O|  |TAMS 0x000000008bc00000, 0x000000008bb00000| Untracked 
| 188|0x000000008bc00000, 0x000000008bd00000, 0x000000008bd00000|100%| O|  |TAMS 0x000000008bd00000, 0x000000008bc00000| Untracked 
| 189|0x000000008bd00000, 0x000000008be00000, 0x000000008be00000|100%| O|  |TAMS 0x000000008be00000, 0x000000008bd00000| Untracked 
| 190|0x000000008be00000, 0x000000008bf00000, 0x000000008bf00000|100%| O|  |TAMS 0x000000008bf00000, 0x000000008be00000| Untracked 
| 191|0x000000008bf00000, 0x000000008c000000, 0x000000008c000000|100%| O|  |TAMS 0x000000008c000000, 0x000000008bf00000| Untracked 
| 192|0x000000008c000000, 0x000000008c100000, 0x000000008c100000|100%| O|  |TAMS 0x000000008c100000, 0x000000008c000000| Untracked 
| 193|0x000000008c100000, 0x000000008c200000, 0x000000008c200000|100%| O|  |TAMS 0x000000008c200000, 0x000000008c100000| Untracked 
| 194|0x000000008c200000, 0x000000008c300000, 0x000000008c300000|100%| O|  |TAMS 0x000000008c300000, 0x000000008c200000| Untracked 
| 195|0x000000008c300000, 0x000000008c400000, 0x000000008c400000|100%| O|  |TAMS 0x000000008c400000, 0x000000008c300000| Untracked 
| 196|0x000000008c400000, 0x000000008c500000, 0x000000008c500000|100%| O|  |TAMS 0x000000008c500000, 0x000000008c400000| Untracked 
| 197|0x000000008c500000, 0x000000008c600000, 0x000000008c600000|100%| O|  |TAMS 0x000000008c600000, 0x000000008c500000| Untracked 
| 198|0x000000008c600000, 0x000000008c700000, 0x000000008c700000|100%| O|  |TAMS 0x000000008c700000, 0x000000008c600000| Untracked 
| 199|0x000000008c700000, 0x000000008c800000, 0x000000008c800000|100%| O|  |TAMS 0x000000008c800000, 0x000000008c700000| Untracked 
| 200|0x000000008c800000, 0x000000008c900000, 0x000000008c900000|100%| O|  |TAMS 0x000000008c900000, 0x000000008c800000| Untracked 
| 201|0x000000008c900000, 0x000000008ca00000, 0x000000008ca00000|100%| O|  |TAMS 0x000000008ca00000, 0x000000008c900000| Untracked 
| 202|0x000000008ca00000, 0x000000008cb00000, 0x000000008cb00000|100%| O|  |TAMS 0x000000008cb00000, 0x000000008ca00000| Untracked 
| 203|0x000000008cb00000, 0x000000008cc00000, 0x000000008cc00000|100%| O|  |TAMS 0x000000008cc00000, 0x000000008cb00000| Untracked 
| 204|0x000000008cc00000, 0x000000008cd00000, 0x000000008cd00000|100%| O|  |TAMS 0x000000008cd00000, 0x000000008cc00000| Untracked 
| 205|0x000000008cd00000, 0x000000008ce00000, 0x000000008ce00000|100%| O|  |TAMS 0x000000008ce00000, 0x000000008cd00000| Untracked 
| 206|0x000000008ce00000, 0x000000008cf00000, 0x000000008cf00000|100%| O|  |TAMS 0x000000008cf00000, 0x000000008ce00000| Untracked 
| 207|0x000000008cf00000, 0x000000008d000000, 0x000000008d000000|100%| O|  |TAMS 0x000000008d000000, 0x000000008cf00000| Untracked 
| 208|0x000000008d000000, 0x000000008d100000, 0x000000008d100000|100%| O|  |TAMS 0x000000008d100000, 0x000000008d000000| Untracked 
| 209|0x000000008d100000, 0x000000008d100000, 0x000000008d200000|  0%| F|  |TAMS 0x000000008d100000, 0x000000008d100000| Untracked 
| 210|0x000000008d200000, 0x000000008d300000, 0x000000008d300000|100%| O|  |TAMS 0x000000008d300000, 0x000000008d200000| Untracked 
| 211|0x000000008d300000, 0x000000008d300000, 0x000000008d400000|  0%| F|  |TAMS 0x000000008d300000, 0x000000008d300000| Untracked 
| 212|0x000000008d400000, 0x000000008d500000, 0x000000008d500000|100%| O|  |TAMS 0x000000008d500000, 0x000000008d400000| Untracked 
| 213|0x000000008d500000, 0x000000008d600000, 0x000000008d600000|100%| O|  |TAMS 0x000000008d600000, 0x000000008d500000| Untracked 
| 214|0x000000008d600000, 0x000000008d700000, 0x000000008d700000|100%| O|  |TAMS 0x000000008d700000, 0x000000008d600000| Untracked 
| 215|0x000000008d700000, 0x000000008d800000, 0x000000008d800000|100%| O|  |TAMS 0x000000008d800000, 0x000000008d700000| Untracked 
| 216|0x000000008d800000, 0x000000008d900000, 0x000000008d900000|100%| O|  |TAMS 0x000000008d900000, 0x000000008d800000| Untracked 
| 217|0x000000008d900000, 0x000000008d9ffff8, 0x000000008da00000| 99%| O|  |TAMS 0x000000008d9ffff8, 0x000000008d900000| Untracked 
| 218|0x000000008da00000, 0x000000008db00000, 0x000000008db00000|100%| O|  |TAMS 0x000000008db00000, 0x000000008da00000| Untracked 
| 219|0x000000008db00000, 0x000000008dc00000, 0x000000008dc00000|100%| O|  |TAMS 0x000000008dc00000, 0x000000008db00000| Untracked 
| 220|0x000000008dc00000, 0x000000008dd00000, 0x000000008dd00000|100%| O|  |TAMS 0x000000008dd00000, 0x000000008dc00000| Untracked 
| 221|0x000000008dd00000, 0x000000008de00000, 0x000000008de00000|100%| O|  |TAMS 0x000000008de00000, 0x000000008dd00000| Untracked 
| 222|0x000000008de00000, 0x000000008df00000, 0x000000008df00000|100%| O|  |TAMS 0x000000008df00000, 0x000000008de00000| Untracked 
| 223|0x000000008df00000, 0x000000008e000000, 0x000000008e000000|100%| O|  |TAMS 0x000000008e000000, 0x000000008df00000| Untracked 
| 224|0x000000008e000000, 0x000000008e100000, 0x000000008e100000|100%| O|  |TAMS 0x000000008e100000, 0x000000008e000000| Untracked 
| 225|0x000000008e100000, 0x000000008e200000, 0x000000008e200000|100%| O|  |TAMS 0x000000008e200000, 0x000000008e100000| Untracked 
| 226|0x000000008e200000, 0x000000008e300000, 0x000000008e300000|100%| O|  |TAMS 0x000000008e300000, 0x000000008e200000| Untracked 
| 227|0x000000008e300000, 0x000000008e400000, 0x000000008e400000|100%| O|  |TAMS 0x000000008e400000, 0x000000008e300000| Untracked 
| 228|0x000000008e400000, 0x000000008e500000, 0x000000008e500000|100%| O|  |TAMS 0x000000008e500000, 0x000000008e400000| Untracked 
| 229|0x000000008e500000, 0x000000008e600000, 0x000000008e600000|100%| O|  |TAMS 0x000000008e600000, 0x000000008e500000| Untracked 
| 230|0x000000008e600000, 0x000000008e700000, 0x000000008e700000|100%| O|  |TAMS 0x000000008e700000, 0x000000008e600000| Untracked 
| 231|0x000000008e700000, 0x000000008e800000, 0x000000008e800000|100%| O|  |TAMS 0x000000008e800000, 0x000000008e700000| Untracked 
| 232|0x000000008e800000, 0x000000008e900000, 0x000000008e900000|100%| O|  |TAMS 0x000000008e900000, 0x000000008e800000| Untracked 
| 233|0x000000008e900000, 0x000000008e900000, 0x000000008ea00000|  0%| F|  |TAMS 0x000000008e900000, 0x000000008e900000| Untracked 
| 234|0x000000008ea00000, 0x000000008eb00000, 0x000000008eb00000|100%| O|  |TAMS 0x000000008eaa6e00, 0x000000008ea00000| Untracked 
| 235|0x000000008eb00000, 0x000000008ec00000, 0x000000008ec00000|100%| O|  |TAMS 0x000000008eb00000, 0x000000008eb00000| Untracked 
| 236|0x000000008ec00000, 0x000000008ed00000, 0x000000008ed00000|100%| O|  |TAMS 0x000000008ed00000, 0x000000008ec00000| Untracked 
| 237|0x000000008ed00000, 0x000000008ee00000, 0x000000008ee00000|100%| O|  |TAMS 0x000000008ee00000, 0x000000008ed00000| Untracked 
| 238|0x000000008ee00000, 0x000000008ef00000, 0x000000008ef00000|100%| O|  |TAMS 0x000000008ee00000, 0x000000008ee00000| Untracked 
| 239|0x000000008ef00000, 0x000000008f000000, 0x000000008f000000|100%| O|  |TAMS 0x000000008ef00000, 0x000000008ef00000| Untracked 
| 240|0x000000008f000000, 0x000000008f100000, 0x000000008f100000|100%| O|  |TAMS 0x000000008f000000, 0x000000008f000000| Untracked 
| 241|0x000000008f100000, 0x000000008f200000, 0x000000008f200000|100%| O|  |TAMS 0x000000008f100000, 0x000000008f100000| Untracked 
| 242|0x000000008f200000, 0x000000008f300000, 0x000000008f300000|100%| O|  |TAMS 0x000000008f200000, 0x000000008f200000| Untracked 
| 243|0x000000008f300000, 0x000000008f400000, 0x000000008f400000|100%| O|  |TAMS 0x000000008f300000, 0x000000008f300000| Untracked 
| 244|0x000000008f400000, 0x000000008f500000, 0x000000008f500000|100%| O|  |TAMS 0x000000008f400000, 0x000000008f400000| Untracked 
| 245|0x000000008f500000, 0x000000008f600000, 0x000000008f600000|100%| O|  |TAMS 0x000000008f500000, 0x000000008f500000| Untracked 
| 246|0x000000008f600000, 0x000000008f6ca800, 0x000000008f700000| 79%| O|  |TAMS 0x000000008f600000, 0x000000008f600000| Untracked 
| 247|0x000000008f700000, 0x000000008f700000, 0x000000008f800000|  0%| F|  |TAMS 0x000000008f700000, 0x000000008f700000| Untracked 
| 248|0x000000008f800000, 0x000000008f800000, 0x000000008f900000|  0%| F|  |TAMS 0x000000008f800000, 0x000000008f800000| Untracked 
| 249|0x000000008f900000, 0x000000008f900000, 0x000000008fa00000|  0%| F|  |TAMS 0x000000008f900000, 0x000000008f900000| Untracked 
| 250|0x000000008fa00000, 0x000000008fa00000, 0x000000008fb00000|  0%| F|  |TAMS 0x000000008fa00000, 0x000000008fa00000| Untracked 
| 251|0x000000008fb00000, 0x000000008fb00000, 0x000000008fc00000|  0%| F|  |TAMS 0x000000008fb00000, 0x000000008fb00000| Untracked 
| 252|0x000000008fc00000, 0x000000008fc00000, 0x000000008fd00000|  0%| F|  |TAMS 0x000000008fc00000, 0x000000008fc00000| Untracked 
| 253|0x000000008fd00000, 0x000000008fd00000, 0x000000008fe00000|  0%| F|  |TAMS 0x000000008fd00000, 0x000000008fd00000| Untracked 
| 254|0x000000008fe00000, 0x000000008fe00000, 0x000000008ff00000|  0%| F|  |TAMS 0x000000008fe00000, 0x000000008fe00000| Untracked 
| 255|0x000000008ff00000, 0x000000008ff00000, 0x0000000090000000|  0%| F|  |TAMS 0x000000008ff00000, 0x000000008ff00000| Untracked 
| 256|0x0000000090000000, 0x0000000090000000, 0x0000000090100000|  0%| F|  |TAMS 0x0000000090000000, 0x0000000090000000| Untracked 
| 257|0x0000000090100000, 0x0000000090100000, 0x0000000090200000|  0%| F|  |TAMS 0x0000000090100000, 0x0000000090100000| Untracked 
| 258|0x0000000090200000, 0x0000000090200000, 0x0000000090300000|  0%| F|  |TAMS 0x0000000090200000, 0x0000000090200000| Untracked 
| 259|0x0000000090300000, 0x0000000090300000, 0x0000000090400000|  0%| F|  |TAMS 0x0000000090300000, 0x0000000090300000| Untracked 
| 260|0x0000000090400000, 0x0000000090400000, 0x0000000090500000|  0%| F|  |TAMS 0x0000000090400000, 0x0000000090400000| Untracked 
| 261|0x0000000090500000, 0x0000000090500000, 0x0000000090600000|  0%| F|  |TAMS 0x0000000090500000, 0x0000000090500000| Untracked 
| 262|0x0000000090600000, 0x0000000090600000, 0x0000000090700000|  0%| F|  |TAMS 0x0000000090600000, 0x0000000090600000| Untracked 
| 263|0x0000000090700000, 0x0000000090700000, 0x0000000090800000|  0%| F|  |TAMS 0x0000000090700000, 0x0000000090700000| Untracked 
| 264|0x0000000090800000, 0x0000000090800000, 0x0000000090900000|  0%| F|  |TAMS 0x0000000090800000, 0x0000000090800000| Untracked 
| 265|0x0000000090900000, 0x0000000090a00000, 0x0000000090a00000|100%| S|CS|TAMS 0x0000000090900000, 0x0000000090900000| Complete 
| 266|0x0000000090a00000, 0x0000000090b00000, 0x0000000090b00000|100%| S|CS|TAMS 0x0000000090a00000, 0x0000000090a00000| Complete 
| 267|0x0000000090b00000, 0x0000000090b00000, 0x0000000090c00000|  0%| F|  |TAMS 0x0000000090b00000, 0x0000000090b00000| Untracked 
| 268|0x0000000090c00000, 0x0000000090c00000, 0x0000000090d00000|  0%| F|  |TAMS 0x0000000090c00000, 0x0000000090c00000| Untracked 
| 269|0x0000000090d00000, 0x0000000090d00000, 0x0000000090e00000|  0%| F|  |TAMS 0x0000000090d00000, 0x0000000090d00000| Untracked 
| 270|0x0000000090e00000, 0x0000000090eca278, 0x0000000090f00000| 78%| E|  |TAMS 0x0000000090e00000, 0x0000000090e00000| Complete 
| 271|0x0000000090f00000, 0x0000000091000000, 0x0000000091000000|100%| E|CS|TAMS 0x0000000090f00000, 0x0000000090f00000| Complete 
| 272|0x0000000091000000, 0x0000000091100000, 0x0000000091100000|100%| E|CS|TAMS 0x0000000091000000, 0x0000000091000000| Complete 
| 273|0x0000000091100000, 0x0000000091200000, 0x0000000091200000|100%| E|CS|TAMS 0x0000000091100000, 0x0000000091100000| Complete 
| 274|0x0000000091200000, 0x0000000091300000, 0x0000000091300000|100%| E|CS|TAMS 0x0000000091200000, 0x0000000091200000| Complete 
| 275|0x0000000091300000, 0x0000000091400000, 0x0000000091400000|100%| E|CS|TAMS 0x0000000091300000, 0x0000000091300000| Complete 
| 276|0x0000000091400000, 0x0000000091500000, 0x0000000091500000|100%| E|CS|TAMS 0x0000000091400000, 0x0000000091400000| Complete 
| 277|0x0000000091500000, 0x0000000091600000, 0x0000000091600000|100%| E|CS|TAMS 0x0000000091500000, 0x0000000091500000| Complete 
| 278|0x0000000091600000, 0x0000000091700000, 0x0000000091700000|100%| E|CS|TAMS 0x0000000091600000, 0x0000000091600000| Complete 
| 279|0x0000000091700000, 0x0000000091800000, 0x0000000091800000|100%| E|CS|TAMS 0x0000000091700000, 0x0000000091700000| Complete 

Card table byte_map: [0x000001ee50ed0000,0x000001ee512d0000] _byte_map_base: 0x000001ee50ad0000

Marking Bits (Prev, Next): (CMBitMap*) 0x000001ee391b28d0, (CMBitMap*) 0x000001ee391b2898
 Prev Bits: [0x000001ee536d0000, 0x000001ee556d0000)
 Next Bits: [0x000001ee516d0000, 0x000001ee536d0000)

Polling page: 0x000001ee37880000

Metaspace:

Usage:
  Non-class:    136.94 MB capacity,   133.85 MB ( 98%) used,     2.57 MB (  2%) free+waste,   537.25 KB ( <1%) overhead. 
      Class:     20.41 MB capacity,    18.73 MB ( 92%) used,     1.45 MB (  7%) free+waste,   240.88 KB (  1%) overhead. 
       Both:    157.36 MB capacity,   152.58 MB ( 97%) used,     4.02 MB (  3%) free+waste,   778.13 KB ( <1%) overhead. 

Virtual space:
  Non-class space:      138.00 MB reserved,     137.08 MB (>99%) committed 
      Class space:        1.00 GB reserved,      20.50 MB (  2%) committed 
             Both:        1.13 GB reserved,     157.58 MB ( 14%) committed 

Chunk freelists:
   Non-Class:  1.38 KB
       Class:  0 bytes
        Both:  1.38 KB

CodeHeap 'non-profiled nmethods': size=120064Kb used=19417Kb max_used=19417Kb free=100646Kb
 bounds [0x000001ee48f70000, 0x000001ee4a270000, 0x000001ee504b0000]
CodeHeap 'profiled nmethods': size=120000Kb used=54874Kb max_used=54874Kb free=65125Kb
 bounds [0x000001ee41a40000, 0x000001ee45020000, 0x000001ee48f70000]
CodeHeap 'non-nmethods': size=5696Kb used=2435Kb max_used=2478Kb free=3260Kb
 bounds [0x000001ee414b0000, 0x000001ee41720000, 0x000001ee41a40000]
 total_blobs=36143 nmethods=22871 adapters=984
 compilation: enabled
              stopped_count=0, restarted_count=0
 full_count=0

Compilation events (10 events):
Event: 9723.410 Thread 0x000001ee57d23000 nmethod 26860 0x000001ee4a258910 code [0x000001ee4a258ac0, 0x000001ee4a258e08]
Event: 9723.410 Thread 0x000001ee57d23000 26757       4       com.android.tools.r8.internal.Ab::f (27 bytes)
Event: 9723.411 Thread 0x000001ee57d23000 nmethod 26757 0x000001ee4a258f10 code [0x000001ee4a2590a0, 0x000001ee4a259178]
Event: 9723.412 Thread 0x000001ee57d23000 26701       4       com.android.tools.r8.internal.bH::<init> (7 bytes)
Event: 9723.413 Thread 0x000001ee57d23000 nmethod 26701 0x000001ee4a259290 code [0x000001ee4a259420, 0x000001ee4a2594f8]
Event: 9723.426 Thread 0x000001ee57d23000 26861       4       com.android.tools.r8.internal.lC::a (84 bytes)
Event: 9723.434 Thread 0x000001ee57d23000 nmethod 26861 0x000001ee4a259590 code [0x000001ee4a259740, 0x000001ee4a259c98]
Event: 9723.434 Thread 0x000001ee57d23000 26864       4       com.android.tools.r8.graph.T0::h (62 bytes)
Event: 9723.452 Thread 0x000001ee57d23000 nmethod 26864 0x000001ee4a259e90 code [0x000001ee4a25a060, 0x000001ee4a25a738]
Event: 9723.452 Thread 0x000001ee57d23000 26867       4       com.android.tools.r8.graph.C2::a (2673 bytes)

GC Heap History (10 events):
Event: 9721.975 GC heap before
{Heap before GC invocations=348 (full 0):
 garbage-first heap   total 286720K, used 249168K [0x0000000080000000, 0x0000000100000000)
  region size 1024K, 18 young (18432K), 3 survivors (3072K)
 Metaspace       used 152774K, capacity 157492K, committed 157648K, reserved 1187840K
  class space    used 18642K, capacity 20277K, committed 20352K, reserved 1048576K
}
Event: 9721.992 GC heap after
{Heap after GC invocations=349 (full 0):
 garbage-first heap   total 286720K, used 237682K [0x0000000080000000, 0x0000000100000000)
  region size 1024K, 3 young (3072K), 3 survivors (3072K)
 Metaspace       used 152774K, capacity 157492K, committed 157648K, reserved 1187840K
  class space    used 18642K, capacity 20277K, committed 20352K, reserved 1048576K
}
Event: 9722.237 GC heap before
{Heap before GC invocations=350 (full 0):
 garbage-first heap   total 286720K, used 250994K [0x0000000080000000, 0x0000000100000000)
  region size 1024K, 16 young (16384K), 3 survivors (3072K)
 Metaspace       used 152903K, capacity 157621K, committed 157904K, reserved 1187840K
  class space    used 18665K, capacity 20277K, committed 20352K, reserved 1048576K
}
Event: 9722.248 GC heap after
{Heap after GC invocations=351 (full 0):
 garbage-first heap   total 286720K, used 240228K [0x0000000080000000, 0x0000000100000000)
  region size 1024K, 2 young (2048K), 2 survivors (2048K)
 Metaspace       used 152903K, capacity 157621K, committed 157904K, reserved 1187840K
  class space    used 18665K, capacity 20277K, committed 20352K, reserved 1048576K
}
Event: 9722.626 GC heap before
{Heap before GC invocations=351 (full 0):
 garbage-first heap   total 286720K, used 251492K [0x0000000080000000, 0x0000000100000000)
  region size 1024K, 14 young (14336K), 2 survivors (2048K)
 Metaspace       used 153833K, capacity 158628K, committed 158800K, reserved 1187840K
  class space    used 18828K, capacity 20465K, committed 20480K, reserved 1048576K
}
Event: 9722.644 GC heap after
{Heap after GC invocations=352 (full 0):
 garbage-first heap   total 286720K, used 242349K [0x0000000080000000, 0x0000000100000000)
  region size 1024K, 2 young (2048K), 2 survivors (2048K)
 Metaspace       used 153833K, capacity 158628K, committed 158800K, reserved 1187840K
  class space    used 18828K, capacity 20465K, committed 20480K, reserved 1048576K
}
Event: 9722.987 GC heap before
{Heap before GC invocations=352 (full 0):
 garbage-first heap   total 286720K, used 254637K [0x0000000080000000, 0x0000000100000000)
  region size 1024K, 14 young (14336K), 2 survivors (2048K)
 Metaspace       used 154469K, capacity 159286K, committed 159440K, reserved 1187840K
  class space    used 18939K, capacity 20598K, committed 20608K, reserved 1048576K
}
Event: 9723.002 GC heap after
{Heap after GC invocations=353 (full 0):
 garbage-first heap   total 286720K, used 244358K [0x0000000080000000, 0x0000000100000000)
  region size 1024K, 2 young (2048K), 2 survivors (2048K)
 Metaspace       used 154469K, capacity 159286K, committed 159440K, reserved 1187840K
  class space    used 18939K, capacity 20598K, committed 20608K, reserved 1048576K
}
Event: 9723.208 GC heap before
{Heap before GC invocations=353 (full 0):
 garbage-first heap   total 286720K, used 256646K [0x0000000080000000, 0x0000000100000000)
  region size 1024K, 14 young (14336K), 2 survivors (2048K)
 Metaspace       used 154599K, capacity 159354K, committed 159440K, reserved 1187840K
  class space    used 18946K, capacity 20598K, committed 20608K, reserved 1048576K
}
Event: 9723.217 GC heap after
{Heap after GC invocations=354 (full 0):
 garbage-first heap   total 286720K, used 246428K [0x0000000080000000, 0x0000000100000000)
  region size 1024K, 2 young (2048K), 2 survivors (2048K)
 Metaspace       used 154599K, capacity 159354K, committed 159440K, reserved 1187840K
  class space    used 18946K, capacity 20598K, committed 20608K, reserved 1048576K
}

Deoptimization events (10 events):
Event: 9717.431 Thread 0x000001ee60931000 Uncommon trap: reason=unstable_if action=reinterpret pc=0x000001ee49ae4848 method=java.util.stream.StreamOpFlag.getMask(I)I @ 1 c2
Event: 9720.807 Thread 0x000001ee60931000 Uncommon trap: reason=unstable_if action=reinterpret pc=0x000001ee4a1d9f9c method=com.android.tools.r8.graph.e1.a(Ljava/lang/String;)[B @ 19 c2
Event: 9720.807 Thread 0x000001ee60931000 Uncommon trap: reason=unstable_if action=reinterpret pc=0x000001ee4a1d8d90 method=com.android.tools.r8.graph.e1.a(C[BI)I @ 1 c2
Event: 9721.293 Thread 0x000001ee5a22c800 Uncommon trap: reason=unstable_if action=reinterpret pc=0x000001ee4a1de730 method=com.android.tools.r8.internal.rp.d(I)Z @ 45 c2
Event: 9721.302 Thread 0x000001ee5a22c800 Uncommon trap: reason=unstable_if action=reinterpret pc=0x000001ee4a1dea24 method=com.android.tools.r8.internal.rp.d(I)Z @ 45 c2
Event: 9721.724 Thread 0x000001ee600a9800 Uncommon trap: reason=unstable_if action=reinterpret pc=0x000001ee4a1fcf48 method=com.android.tools.r8.internal.ug.e(Ljava/lang/String;)[Ljava/lang/String; @ 27 c2
Event: 9722.012 Thread 0x000001ee600a9800 Uncommon trap: reason=unstable_if action=reinterpret pc=0x000001ee4a1e97a8 method=com.android.tools.r8.internal.Ab.a([CII)Ljava/lang/String; @ 59 c2
Event: 9722.012 Thread 0x000001ee600a9800 Uncommon trap: reason=unstable_if action=reinterpret pc=0x000001ee4a1ea9fc method=com.android.tools.r8.graph.e1.a(Ljava/lang/String;)[B @ 37 c2
Event: 9722.012 Thread 0x000001ee600a9800 Uncommon trap: reason=unstable_if action=reinterpret pc=0x000001ee4a1e6928 method=com.android.tools.r8.graph.e1.a(C[BI)I @ 27 c2
Event: 9723.045 Thread 0x000001ee600a9800 Uncommon trap: reason=unstable_if action=reinterpret pc=0x000001ee4924ba18 method=java.util.HashMap.computeIfAbsent(Ljava/lang/Object;Ljava/util/function/Function;)Ljava/lang/Object; @ 145 c2

Classes redefined (0 events):
No events

Internal exceptions (10 events):
Event: 9719.888 Thread 0x000001ee600a9800 Exception <a 'java/lang/NoSuchMethodError'{0x0000000091720050}: java.lang.invoke.DirectMethodHandle$Holder.invokeStaticInit(Ljava/lang/Object;Ljava/lang/Object;Ljava/lang/Object;Ljava/lang/Object;Ljava/lang/Object;Ljava/lang/Object;Ljava/lang/Object;Ljava
Event: 9720.125 Thread 0x000001ee60931000 Exception <a 'java/lang/IncompatibleClassChangeError'{0x00000000916898d8}: Found class java.lang.Object, but interface was expected> (0x00000000916898d8) thrown at [t:/workspace/open/src/hotspot/share/interpreter/linkResolver.cpp, line 856]
Event: 9720.125 Thread 0x000001ee600a9800 Exception <a 'java/lang/IncompatibleClassChangeError'{0x00000000916591b8}: Found class java.lang.Object, but interface was expected> (0x00000000916591b8) thrown at [t:/workspace/open/src/hotspot/share/interpreter/linkResolver.cpp, line 856]
Event: 9720.125 Thread 0x000001ee5a22c800 Exception <a 'java/lang/IncompatibleClassChangeError'{0x0000000091680158}: Found class java.lang.Object, but interface was expected> (0x0000000091680158) thrown at [t:/workspace/open/src/hotspot/share/interpreter/linkResolver.cpp, line 856]
Event: 9722.539 Thread 0x000001ee60931000 Exception <a 'java/lang/NoSuchMethodError'{0x0000000090eb8f78}: java.lang.invoke.DirectMethodHandle$Holder.invokeStatic(Ljava/lang/Object;Ljava/lang/Object;Ljava/lang/Object;I)V> (0x0000000090eb8f78) thrown at [t:/workspace/open/src/hotspot/share/interpre
Event: 9722.540 Thread 0x000001ee600a9800 Exception <a 'java/lang/NoSuchMethodError'{0x0000000090fbd990}: java.lang.invoke.DirectMethodHandle$Holder.invokeStatic(Ljava/lang/Object;Ljava/lang/Object;Ljava/lang/Object;I)V> (0x0000000090fbd990) thrown at [t:/workspace/open/src/hotspot/share/interpre
Event: 9722.540 Thread 0x000001ee5a22c800 Exception <a 'java/lang/NoSuchMethodError'{0x0000000090eb47c0}: java.lang.invoke.DirectMethodHandle$Holder.invokeStatic(Ljava/lang/Object;Ljava/lang/Object;Ljava/lang/Object;I)V> (0x0000000090eb47c0) thrown at [t:/workspace/open/src/hotspot/share/interpre
Event: 9722.541 Thread 0x000001ee600a9800 Exception <a 'java/lang/IncompatibleClassChangeError'{0x0000000090fc78f8}: Found class java.lang.Object, but interface was expected> (0x0000000090fc78f8) thrown at [t:/workspace/open/src/hotspot/share/interpreter/linkResolver.cpp, line 856]
Event: 9722.541 Thread 0x000001ee5a22c800 Exception <a 'java/lang/IncompatibleClassChangeError'{0x0000000090ec2dc0}: Found class java.lang.Object, but interface was expected> (0x0000000090ec2dc0) thrown at [t:/workspace/open/src/hotspot/share/interpreter/linkResolver.cpp, line 856]
Event: 9722.541 Thread 0x000001ee60931000 Exception <a 'java/lang/IncompatibleClassChangeError'{0x0000000090ec7088}: Found class java.lang.Object, but interface was expected> (0x0000000090ec7088) thrown at [t:/workspace/open/src/hotspot/share/interpreter/linkResolver.cpp, line 856]

Events (10 events):
Event: 9723.427 loading class com/android/tools/r8/graph/r3
Event: 9723.427 loading class com/android/tools/r8/graph/r3 done
Event: 9723.428 loading class com/android/tools/r8/internal/XL
Event: 9723.428 loading class com/android/tools/r8/internal/XL done
Event: 9723.428 loading class com/android/tools/r8/graph/q3
Event: 9723.428 loading class com/android/tools/r8/graph/q3 done
Event: 9723.430 loading class com/android/tools/r8/shaking/E0
Event: 9723.430 loading class com/android/tools/r8/shaking/E0 done
Event: 9723.510 Executing VM operation: CGC_Operation
Event: 9723.571 Executing VM operation: CGC_Operation done


Dynamic libraries:
0x00007ff721e50000 - 0x00007ff721e97000 	C:\Program Files\Java\jdk-11.0.1\bin\java.exe
0x00007ff804a30000 - 0x00007ff804c28000 	C:\WINDOWS\SYSTEM32\ntdll.dll
0x00007ff8043b0000 - 0x00007ff80446f000 	C:\WINDOWS\System32\KERNEL32.DLL
0x00007ff802240000 - 0x00007ff80251a000 	C:\WINDOWS\System32\KERNELBASE.dll
0x00007ff8033c0000 - 0x00007ff80346e000 	C:\WINDOWS\System32\ADVAPI32.dll
0x00007ff803fd0000 - 0x00007ff80406e000 	C:\WINDOWS\System32\msvcrt.dll
0x00007ff8032c0000 - 0x00007ff80335c000 	C:\WINDOWS\System32\sechost.dll
0x00007ff804280000 - 0x00007ff8043a6000 	C:\WINDOWS\System32\RPCRT4.dll
0x00007ff804790000 - 0x00007ff80492d000 	C:\WINDOWS\System32\USER32.dll
0x00007ff802170000 - 0x00007ff802192000 	C:\WINDOWS\System32\win32u.dll
0x00007ff8039b0000 - 0x00007ff8039db000 	C:\WINDOWS\System32\GDI32.dll
0x00007ff802690000 - 0x00007ff8027a0000 	C:\WINDOWS\System32\gdi32full.dll
0x00007ff8021a0000 - 0x00007ff80223d000 	C:\WINDOWS\System32\msvcp_win.dll
0x00007ff802590000 - 0x00007ff802690000 	C:\WINDOWS\System32\ucrtbase.dll
0x00007ffff1470000 - 0x00007ffff170a000 	C:\WINDOWS\WinSxS\amd64_microsoft.windows.common-controls_6595b64144ccf1df_6.0.19041.1110_none_60b5254171f9507e\COMCTL32.dll
0x00007ffff5bc0000 - 0x00007ffff5bca000 	C:\WINDOWS\SYSTEM32\VERSION.dll
0x00007ff804470000 - 0x00007ff8044a0000 	C:\WINDOWS\System32\IMM32.DLL
0x00007ffffc360000 - 0x00007ffffc376000 	C:\Program Files\Java\jdk-11.0.1\bin\vcruntime140.dll
0x00007fffe0080000 - 0x00007fffe012a000 	C:\Program Files\Java\jdk-11.0.1\bin\msvcp140.dll
0x00007fffb8530000 - 0x00007fffb9072000 	C:\Program Files\Java\jdk-11.0.1\bin\server\jvm.dll
0x00007ff8039a0000 - 0x00007ff8039a8000 	C:\WINDOWS\System32\PSAPI.DLL
0x00007ffff6640000 - 0x00007ffff6649000 	C:\WINDOWS\SYSTEM32\WSOCK32.dll
0x00007ff803f60000 - 0x00007ff803fcb000 	C:\WINDOWS\System32\WS2_32.dll
0x00007ffff27a0000 - 0x00007ffff27c7000 	C:\WINDOWS\SYSTEM32\WINMM.dll
0x00007ff800000000 - 0x00007ff800012000 	C:\WINDOWS\SYSTEM32\kernel.appcore.dll
0x00007ffffb7b0000 - 0x00007ffffb7c1000 	C:\Program Files\Java\jdk-11.0.1\bin\verify.dll
0x00007ffff0850000 - 0x00007ffff0a34000 	C:\WINDOWS\SYSTEM32\DBGHELP.DLL
0x00007ffff07c0000 - 0x00007ffff07f4000 	C:\WINDOWS\SYSTEM32\dbgcore.DLL
0x00007ff8027a0000 - 0x00007ff802822000 	C:\WINDOWS\System32\bcryptPrimitives.dll
0x00007ffff67d0000 - 0x00007ffff67f9000 	C:\Program Files\Java\jdk-11.0.1\bin\java.dll
0x00007ffff6690000 - 0x00007ffff66a6000 	C:\Program Files\Java\jdk-11.0.1\bin\zip.dll
0x00007ffffd3b0000 - 0x00007ffffd3ba000 	C:\Program Files\Java\jdk-11.0.1\bin\jimage.dll
0x00007ff802b70000 - 0x00007ff8032b4000 	C:\WINDOWS\System32\SHELL32.dll
0x00007ff800200000 - 0x00007ff800993000 	C:\WINDOWS\SYSTEM32\windows.storage.dll
0x00007ff803590000 - 0x00007ff8038e4000 	C:\WINDOWS\System32\combase.dll
0x00007ff801ba0000 - 0x00007ff801bce000 	C:\WINDOWS\SYSTEM32\Wldp.dll
0x00007ff8038f0000 - 0x00007ff80399d000 	C:\WINDOWS\System32\SHCORE.dll
0x00007ff803360000 - 0x00007ff8033b5000 	C:\WINDOWS\System32\shlwapi.dll
0x00007ff802080000 - 0x00007ff80209f000 	C:\WINDOWS\SYSTEM32\profapi.dll
0x00007ffff01a0000 - 0x00007ffff01b9000 	C:\Program Files\Java\jdk-11.0.1\bin\net.dll
0x00007ffff9ff0000 - 0x00007ffffa0fa000 	C:\WINDOWS\SYSTEM32\WINHTTP.dll
0x00007ff801890000 - 0x00007ff8018fa000 	C:\WINDOWS\system32\mswsock.dll
0x00007fffed5b0000 - 0x00007fffed5c3000 	C:\Program Files\Java\jdk-11.0.1\bin\nio.dll
0x00007ffffc380000 - 0x00007ffffc3a7000 	C:\Users\Admin\.gradle\native\e1d6ef7f7dcc3fd88c89a11ec53ec762bb8ba0a96d01ffa2cd45eb1d1d8dd5c5\windows-amd64\native-platform.dll
0x00007fffdb2c0000 - 0x00007fffdb404000 	C:\Users\Admin\.gradle\native\0d407fdbe67a94daf76414ababcb853783967236a71b16ec16e742cd7a986fd3\windows-amd64\native-platform-file-events.dll
0x00007fffffab0000 - 0x00007fffffab9000 	C:\Program Files\Java\jdk-11.0.1\bin\management.dll
0x00007ffffc770000 - 0x00007ffffc77c000 	C:\Program Files\Java\jdk-11.0.1\bin\management_ext.dll
0x00007ff801b00000 - 0x00007ff801b18000 	C:\WINDOWS\SYSTEM32\CRYPTSP.dll
0x00007ff801140000 - 0x00007ff801174000 	C:\WINDOWS\system32\rsaenh.dll
0x00007ff802140000 - 0x00007ff802167000 	C:\WINDOWS\System32\bcrypt.dll
0x00007ff802000000 - 0x00007ff80202e000 	C:\WINDOWS\SYSTEM32\USERENV.dll
0x00007ff801aa0000 - 0x00007ff801aac000 	C:\WINDOWS\SYSTEM32\CRYPTBASE.dll
0x00007ff801510000 - 0x00007ff80154c000 	C:\WINDOWS\SYSTEM32\IPHLPAPI.DLL
0x00007ff804930000 - 0x00007ff804938000 	C:\WINDOWS\System32\NSI.dll
0x00007ffffafd0000 - 0x00007ffffafe7000 	C:\WINDOWS\SYSTEM32\dhcpcsvc6.DLL
0x00007ffffae00000 - 0x00007ffffae1d000 	C:\WINDOWS\SYSTEM32\dhcpcsvc.DLL
0x00007ff801550000 - 0x00007ff80161b000 	C:\WINDOWS\SYSTEM32\DNSAPI.dll
0x00007ffff7c60000 - 0x00007ffff7c87000 	C:\Program Files\Java\jdk-11.0.1\bin\sunec.dll
0x00007ffff93f0000 - 0x00007ffff93fa000 	C:\Windows\System32\rasadhlp.dll
0x00007ffff8220000 - 0x00007ffff82a0000 	C:\WINDOWS\System32\fwpuclnt.dll
0x00007ffffed80000 - 0x00007ffffed8d000 	C:\Program Files\Java\jdk-11.0.1\bin\sunmscapi.dll
0x00007ff802830000 - 0x00007ff802986000 	C:\WINDOWS\System32\CRYPT32.dll
0x00007ff801c10000 - 0x00007ff801c38000 	C:\WINDOWS\SYSTEM32\ncrypt.dll
0x00007ff801bd0000 - 0x00007ff801c0b000 	C:\WINDOWS\SYSTEM32\NTASN1.dll
0x00007ffff82f0000 - 0x00007ffff8307000 	C:\WINDOWS\system32\napinsp.dll
0x00007fffed890000 - 0x00007fffed8ab000 	C:\WINDOWS\system32\pnrpnsp.dll
0x00007fffe35b0000 - 0x00007fffe35c5000 	C:\WINDOWS\system32\wshbth.dll
0x00007ffffd890000 - 0x00007ffffd8ad000 	C:\WINDOWS\system32\NLAapi.dll
0x00007fffed870000 - 0x00007fffed882000 	C:\WINDOWS\System32\winrnr.dll
0x00007ff801260000 - 0x00007ff801293000 	C:\WINDOWS\SYSTEM32\ntmarta.dll

dbghelp: loaded successfully - version: 4.0.5 - missing functions: none
symbol engine: initialized successfully - sym options: 0x614 - pdb path: .;C:\Program Files\Java\jdk-11.0.1\bin;C:\WINDOWS\SYSTEM32;C:\WINDOWS\WinSxS\amd64_microsoft.windows.common-controls_6595b64144ccf1df_6.0.19041.1110_none_60b5254171f9507e;C:\Program Files\Java\jdk-11.0.1\bin\server;C:\Users\Admin\.gradle\native\e1d6ef7f7dcc3fd88c89a11ec53ec762bb8ba0a96d01ffa2cd45eb1d1d8dd5c5\windows-amd64;C:\Users\Admin\.gradle\native\0d407fdbe67a94daf76414ababcb853783967236a71b16ec16e742cd7a986fd3\windows-amd64

VM Arguments:
jvm_args: --add-opens=java.base/java.util=ALL-UNNAMED --add-opens=java.base/java.lang=ALL-UNNAMED --add-opens=java.base/java.lang.invoke=ALL-UNNAMED --add-opens=java.base/java.util=ALL-UNNAMED --add-opens=java.prefs/java.util.prefs=ALL-UNNAMED --add-opens=java.prefs/java.util.prefs=ALL-UNNAMED --add-opens=java.base/java.nio.charset=ALL-UNNAMED --add-opens=java.base/java.net=ALL-UNNAMED --add-opens=java.base/java.util.concurrent.atomic=ALL-UNNAMED -Xmx2048m -Dfile.encoding=UTF-8 -Duser.country=SV -Duser.language=es -Duser.variant 
java_command: org.gradle.launcher.daemon.bootstrap.GradleDaemon 7.5
java_class_path (initial): C:\Users\Admin\.gradle\wrapper\dists\gradle-7.5-bin\f1w0cc9nuo0eivz97x2xlu9sv\gradle-7.5\lib\gradle-launcher-7.5.jar
Launcher Type: SUN_STANDARD

[Global flags]
     intx CICompilerCount                          = 3                                         {product} {ergonomic}
     uint ConcGCThreads                            = 1                                         {product} {ergonomic}
     uint G1ConcRefinementThreads                  = 4                                         {product} {ergonomic}
   size_t G1HeapRegionSize                         = 1048576                                   {product} {ergonomic}
    uintx GCDrainStackTargetSize                   = 64                                        {product} {ergonomic}
   size_t InitialHeapSize                          = 134217728                                 {product} {ergonomic}
   size_t MarkStackSize                            = 4194304                                   {product} {ergonomic}
   size_t MaxHeapSize                              = 2147483648                                {product} {command line}
   size_t MaxNewSize                               = 1287651328                                {product} {ergonomic}
   size_t MinHeapDeltaBytes                        = 1048576                                   {product} {ergonomic}
    uintx NonNMethodCodeHeapSize                   = 5830092                                {pd product} {ergonomic}
    uintx NonProfiledCodeHeapSize                  = 122914074                              {pd product} {ergonomic}
    uintx ProfiledCodeHeapSize                     = 122914074                              {pd product} {ergonomic}
    uintx ReservedCodeCacheSize                    = 251658240                              {pd product} {ergonomic}
     bool SegmentedCodeCache                       = true                                      {product} {ergonomic}
     bool UseCompressedClassPointers               = true                                 {lp64_product} {ergonomic}
     bool UseCompressedOops                        = true                                 {lp64_product} {ergonomic}
     bool UseG1GC                                  = true                                      {product} {ergonomic}
     bool UseLargePagesIndividualAllocation        = false                                  {pd product} {ergonomic}

Logging:
Log output configuration:
 #0: stdout all=warning uptime,level,tags
 #1: stderr all=off uptime,level,tags

Environment Variables:
JAVA_HOME=C:\Program Files\Java\jdk-11.0.1
PATH=C:\Program Files (x86)\Razer\ChromaBroadcast\bin;E:\Program Files\Razer\ChromaBroadcast\bin;C:\WINDOWS\system32\config\systemprofile\AppData\Local\Microsoft\WindowsApps;E:\Git\cmd;E:\Program Files\nodejs\;C:\Users\Admin\AppData\Local\Microsoft\WindowsApps;C:\Users\Admin\AppData\Local\atom\bin;C:\Users\Admin\AppData\Local\Programs\Microsoft VS Code\bin;C:\Program Files\sfdx\bin;C:\Users\Admin\AppData\Local\GitHubDesktop\bin;C:\Users\Admin\AppData\Local\Microsoft\WindowsApps;E:\Program Files\JetBrains\IntelliJ IDEA 2022.2\bin;;E:\Program Files\heroku\bin;E:\Program Files\Azure Data Studio\bin;C:\srcSQLlite\sqlite-tools-win32-x86-3410000;C:\Program Files\MongoDB\Server\6.0\data;C:\Program Files\MongoDB\Server\6.0\log;C:\Users\Admin\AppData\Local\Programs\Azure Data Studio\bin;C:\Program Files\nodejs;C:\Users\Admin\AppData\Roaming\npm
USERNAME=Admin
OS=Windows_NT
PROCESSOR_IDENTIFIER=Intel64 Family 6 Model 58 Stepping 9, GenuineIntel



---------------  S Y S T E M  ---------------

OS: Windows 10 , 64 bit Build 19041 (10.0.19041.2788)

CPU:total 4 (initial active 4) (2 cores per cpu, 2 threads per core) family 6 model 58 stepping 9, cmov, cx8, fxsr, mmx, sse, sse2, sse3, ssse3, sse4.1, sse4.2, popcnt, avx, aes, clmul, erms, ht, tsc, tscinvbit, tscinv

Memory: 4k page, system-wide physical 8071M (265M free)
TotalPageFile size 10119M (AvailPageFile size 6M)
current process WorkingSet (physical memory assigned to process): 626M, peak: 626M
current process commit charge ("private bytes"): 756M, peak: 757M

vm_info: Java HotSpot(TM) 64-Bit Server VM (11.0.1+13-LTS) for windows-amd64 JRE (11.0.1+13-LTS), built on Oct  6 2018 13:20:16 by "mach5one" with MS VC++ 15.5 (VS2017)

END.
